Using pre-set license
Built from '2020.3/staging' branch; Version is '2020.3.25f1 (9b9180224418) revision 10195328'; Using compiler version '192528614'; Build Type 'Release'
OS: 'Windows 10  (10.0.19045) 64bit CoreSingleLanguage' Language: 'en' Physical Memory: 14229 MB
BatchMode: 1, IsHumanControllingUs: 0, StartBugReporterOnCrash: 0, Is64bit: 1, IsPro: 0

COMMAND LINE ARGUMENTS:
D:\Unity\Editor\2020.3.25f1\Editor\Unity.exe
-adb2
-batchMode
-noUpm
-name
AssetImportWorker0
-projectPath
D:/Unity/Projects/narukami
-logFile
Logs/AssetImportWorker0.log
-srvPort
56476
Successfully changed project path to: D:/Unity/Projects/narukami
D:/Unity/Projects/narukami
Using Asset Import Pipeline V2.
Refreshing native plugins compatible for Editor in 77.81 ms, found 2 plugins.
Preloading 0 native plugins for Editor in 0.00 ms.
Initialize engine version: 2020.3.25f1 (9b9180224418)
[Subsystems] Discovering subsystems at path D:/Unity/Editor/2020.3.25f1/Editor/Data/Resources/UnitySubsystems
[Subsystems] Discovering subsystems at path D:/Unity/Projects/narukami/Assets
GfxDevice: creating device client; threaded=0
Direct3D:
    Version:  Direct3D 11.0 [level 11.1]
    Renderer: NVIDIA GeForce RTX 3060 Ti (ID=0x2486)
    Vendor:   
    VRAM:     8038 MB
    Driver:   31.0.15.3623
Initialize mono
Mono path[0] = 'D:/Unity/Editor/2020.3.25f1/Editor/Data/Managed'
Mono path[1] = 'D:/Unity/Editor/2020.3.25f1/Editor/Data/MonoBleedingEdge/lib/mono/unityjit'
Mono config path = 'D:/Unity/Editor/2020.3.25f1/Editor/Data/MonoBleedingEdge/etc'
Using monoOptions --debugger-agent=transport=dt_socket,embedding=1,server=y,suspend=n,address=127.0.0.1:56948
Begin MonoManager ReloadAssembly
Registering precompiled unity dll's ...
Register platform support module: D:/Unity/Editor/2020.3.25f1/Editor/Data/PlaybackEngines/WindowsStandaloneSupport/UnityEditor.WindowsStandalone.Extensions.dll
Register platform support module: D:/Unity/Editor/2020.3.25f1/Editor/Data/PlaybackEngines/LinuxStandaloneSupport/UnityEditor.LinuxStandalone.Extensions.dll
Registered in 0.001092 seconds.
Native extension for LinuxStandalone target not found
Native extension for WindowsStandalone target not found
Refreshing native plugins compatible for Editor in 71.73 ms, found 2 plugins.
Preloading 0 native plugins for Editor in 0.00 ms.
Mono: successfully reloaded assembly
- Completed reload, in  0.464 seconds
Domain Reload Profiling:
	ReloadAssembly (464ms)
		BeginReloadAssembly (40ms)
			ExecutionOrderSort (0ms)
			DisableScriptedObjects (0ms)
			BackupInstance (0ms)
			ReleaseScriptingObjects (0ms)
			CreateAndSetChildDomain (1ms)
		EndReloadAssembly (372ms)
			LoadAssemblies (39ms)
			RebuildTransferFunctionScriptingTraits (0ms)
			SetupTypeCache (109ms)
			ReleaseScriptCaches (0ms)
			RebuildScriptCaches (19ms)
			SetupLoadedEditorAssemblies (168ms)
				LogAssemblyErrors (0ms)
				InitializePlatformSupportModulesInManaged (5ms)
				SetLoadedEditorAssemblies (0ms)
				RefreshPlugins (72ms)
				BeforeProcessingInitializeOnLoad (12ms)
				ProcessInitializeOnLoadAttributes (59ms)
				ProcessInitializeOnLoadMethodAttributes (20ms)
				AfterProcessingInitializeOnLoad (0ms)
				EditorAssembliesLoaded (0ms)
			ExecutionOrderSort2 (0ms)
			AwakeInstancesAfterBackupRestoration (0ms)
Platform modules already initialized, skipping
Registering precompiled user dll's ...
Registered in 0.003331 seconds.
Begin MonoManager ReloadAssembly
Native extension for LinuxStandalone target not found
Native extension for WindowsStandalone target not found
Refreshing native plugins compatible for Editor in 76.61 ms, found 2 plugins.
Preloading 0 native plugins for Editor in 0.00 ms.
Mono: successfully reloaded assembly
- Completed reload, in  0.920 seconds
Domain Reload Profiling:
	ReloadAssembly (921ms)
		BeginReloadAssembly (106ms)
			ExecutionOrderSort (0ms)
			DisableScriptedObjects (4ms)
			BackupInstance (0ms)
			ReleaseScriptingObjects (0ms)
			CreateAndSetChildDomain (17ms)
		EndReloadAssembly (772ms)
			LoadAssemblies (75ms)
			RebuildTransferFunctionScriptingTraits (0ms)
			SetupTypeCache (252ms)
			ReleaseScriptCaches (0ms)
			RebuildScriptCaches (37ms)
			SetupLoadedEditorAssemblies (324ms)
				LogAssemblyErrors (0ms)
				InitializePlatformSupportModulesInManaged (4ms)
				SetLoadedEditorAssemblies (0ms)
				RefreshPlugins (77ms)
				BeforeProcessingInitializeOnLoad (78ms)
				ProcessInitializeOnLoadAttributes (157ms)
				ProcessInitializeOnLoadMethodAttributes (6ms)
				AfterProcessingInitializeOnLoad (2ms)
				EditorAssembliesLoaded (0ms)
			ExecutionOrderSort2 (0ms)
			AwakeInstancesAfterBackupRestoration (5ms)
Platform modules already initialized, skipping
========================================================================
Worker process is ready to serve import requests
Launched and connected shader compiler UnityShaderCompiler.exe after 0.04 seconds
Refreshing native plugins compatible for Editor in 1.89 ms, found 2 plugins.
Preloading 0 native plugins for Editor in 0.00 ms.
Unloading 3426 Unused Serialized files (Serialized files now loaded: 0)
System memory in use before: 178.5 MB.
System memory in use after: 178.7 MB.

Unloading 19 unused Assets to reduce memory usage. Loaded Objects now: 3888.
Total: 3.266500 ms (FindLiveObjects: 0.330600 ms CreateObjectMapping: 0.167900 ms MarkObjects: 2.743400 ms  DeleteObjects: 0.023300 ms)

AssetImportParameters requested are different than current active one (requested -> active):
  custom:framework-win-MediaFoundation: 216162199b28c13a410421893ffa2e32 -> 
  custom:video-decoder-ogg-theora: a1e56fd34408186e4bbccfd4996cb3dc -> 
  custom:container-muxer-webm: aa71ff27fc2769a1b78a27578f13a17b -> 
  custom:container-demuxer-webm: 4f35f7cbe854078d1ac9338744f61a02 -> 
  custom:container-demuxer-ogg: 62fdf1f143b41e24485cea50d1cbac27 -> 
  custom:video-encoder-webm-vp8: eb34c28f22e8b96e1ab97ce403110664 -> 
  custom:video-decoder-webm-vp8: 9c59270c3fd7afecdb556c50c9e8de78 -> 
  custom:audio-decoder-ogg-vorbis: bf7c407c2cedff20999df2af8eb42d56 -> 
  custom:audio-encoder-webm-vorbis: bf7c407c2cedff20999df2af8eb42d56 -> 
========================================================================
Received Import Request.
  path: Assets/Materials/Metal2.mat
  artifactKey: Guid(a595de25831a8df4b8a9a562fee1681d) Importer(815301076,1909f56bfc062723c751e8b465ee728b)
Start importing Assets/Materials/Metal2.mat using Guid(a595de25831a8df4b8a9a562fee1681d) Importer(815301076,1909f56bfc062723c751e8b465ee728b)  -> (artifact id: '0fcffac324f6249525a73843d9d0d4b6') in 0.218758 seconds 
  Import took 0.224887 seconds .

========================================================================
Received Import Request.
  Time since last request: 0.000259 seconds.
  path: Assets/Materials/Metal.mat
  artifactKey: Guid(aba18607b8d2c174293920df30cfeffa) Importer(815301076,1909f56bfc062723c751e8b465ee728b)
Start importing Assets/Materials/Metal.mat using Guid(aba18607b8d2c174293920df30cfeffa) Importer(815301076,1909f56bfc062723c751e8b465ee728b)  -> (artifact id: 'e4eb4a68b86b6fc8574a14a53ceadc7e') in 0.015150 seconds 
  Import took 0.019768 seconds .

========================================================================
Received Import Request.
  Time since last request: 0.000182 seconds.
  path: Assets/Materials/None.mat
  artifactKey: Guid(578466b567d1c9c4c886be0a7a7af213) Importer(815301076,1909f56bfc062723c751e8b465ee728b)
Start importing Assets/Materials/None.mat using Guid(578466b567d1c9c4c886be0a7a7af213) Importer(815301076,1909f56bfc062723c751e8b465ee728b)  -> (artifact id: 'b1ee6abe237abcde164e660cbe6b3e7d') in 0.015367 seconds 
  Import took 0.020369 seconds .

========================================================================
Received Import Request.
  Time since last request: 0.000180 seconds.
  path: Assets/Materials/UniversalRenderPipelineAsset_Renderer.asset
  artifactKey: Guid(5c03b0c164145764c978dd89092e946a) Importer(815301076,1909f56bfc062723c751e8b465ee728b)
Start importing Assets/Materials/UniversalRenderPipelineAsset_Renderer.asset using Guid(5c03b0c164145764c978dd89092e946a) Importer(815301076,1909f56bfc062723c751e8b465ee728b)  -> (artifact id: 'f6fd7ee937730c128e24f6cb9b67fe7a') in 0.011118 seconds 
  Import took 0.016291 seconds .

========================================================================
Received Import Request.
  Time since last request: 0.000179 seconds.
  path: Assets/Materials/Sand.mat
  artifactKey: Guid(9852d78fed789834dabb3649fbca51cf) Importer(815301076,1909f56bfc062723c751e8b465ee728b)
Start importing Assets/Materials/Sand.mat using Guid(9852d78fed789834dabb3649fbca51cf) Importer(815301076,1909f56bfc062723c751e8b465ee728b)  -> (artifact id: '7ae55ec89fca93da918fd1c825de5b09') in 0.014522 seconds 
  Import took 0.019291 seconds .

========================================================================
Received Import Request.
  Time since last request: 0.000179 seconds.
  path: Assets/Materials/sewage (red).mat
  artifactKey: Guid(4179c6ab039d74e4999d80e4d4d142ce) Importer(815301076,1909f56bfc062723c751e8b465ee728b)
Start importing Assets/Materials/sewage (red).mat using Guid(4179c6ab039d74e4999d80e4d4d142ce) Importer(815301076,1909f56bfc062723c751e8b465ee728b)  -> (artifact id: '76779ceacad1cc9ea8d2e83ddcaacf8b') in 0.014166 seconds 
  Import took 0.018920 seconds .

========================================================================
Received Import Request.
  Time since last request: 0.000185 seconds.
  path: Assets/Materials/Black.mat
  artifactKey: Guid(7dd29baefb8cb7743a9d8d97456a95fc) Importer(815301076,1909f56bfc062723c751e8b465ee728b)
Start importing Assets/Materials/Black.mat using Guid(7dd29baefb8cb7743a9d8d97456a95fc) Importer(815301076,1909f56bfc062723c751e8b465ee728b)  -> (artifact id: '33ce7491216b8e4846122287a76becc4') in 0.014093 seconds 
  Import took 0.018763 seconds .

========================================================================
Received Import Request.
  Time since last request: 0.000176 seconds.
  path: Assets/Materials/Gray.mat
  artifactKey: Guid(cb604973520fcbe449ed5dc1790ecfa3) Importer(815301076,1909f56bfc062723c751e8b465ee728b)
Start importing Assets/Materials/Gray.mat using Guid(cb604973520fcbe449ed5dc1790ecfa3) Importer(815301076,1909f56bfc062723c751e8b465ee728b)  -> (artifact id: '7d648c58243f92518b9ff49a96313eb4') in 0.014591 seconds 
  Import took 0.048135 seconds .

========================================================================
Received Import Request.
  Time since last request: 0.000174 seconds.
  path: Assets/Materials/Player.mat
  artifactKey: Guid(b66e1f525a9c6904ea4cda0339358741) Importer(815301076,1909f56bfc062723c751e8b465ee728b)
Start importing Assets/Materials/Player.mat using Guid(b66e1f525a9c6904ea4cda0339358741) Importer(815301076,1909f56bfc062723c751e8b465ee728b)  -> (artifact id: '78a9fc338a555e6165fe82db4f6607e6') in 0.013010 seconds 
  Import took 0.018142 seconds .

========================================================================
Received Import Request.
  Time since last request: 0.000170 seconds.
  path: Assets/Materials/Tree.mat
  artifactKey: Guid(b1af6f4eade836d4ea04aaefed708f99) Importer(815301076,1909f56bfc062723c751e8b465ee728b)
Start importing Assets/Materials/Tree.mat using Guid(b1af6f4eade836d4ea04aaefed708f99) Importer(815301076,1909f56bfc062723c751e8b465ee728b)  -> (artifact id: '2824e2387a5ed877f8b4db2a18dc6dea') in 0.014063 seconds 
  Import took 0.018621 seconds .

========================================================================
Received Import Request.
  Time since last request: 0.000179 seconds.
  path: Assets/Materials/Wood.mat
  artifactKey: Guid(7263ab3e9a650414881ef427658652fb) Importer(815301076,1909f56bfc062723c751e8b465ee728b)
Start importing Assets/Materials/Wood.mat using Guid(7263ab3e9a650414881ef427658652fb) Importer(815301076,1909f56bfc062723c751e8b465ee728b)  -> (artifact id: '294ea050fd1409019632577c6ac5a3bc') in 0.014814 seconds 
  Import took 0.043917 seconds .

========================================================================
Received Import Request.
  Time since last request: 86.627517 seconds.
  path: Assets/Epic Toon FX/Materials/Basics/circle_AB.mat
  artifactKey: Guid(150aee38b5d848b42b75593618992bb7) Importer(815301076,1909f56bfc062723c751e8b465ee728b)
Start importing Assets/Epic Toon FX/Materials/Basics/circle_AB.mat using Guid(150aee38b5d848b42b75593618992bb7) Importer(815301076,1909f56bfc062723c751e8b465ee728b)  -> (artifact id: 'b7385170998aeb4fad241ab96b532455') in 0.106177 seconds 
  Import took 0.111214 seconds .

========================================================================
Received Import Request.
  Time since last request: 0.000162 seconds.
  path: Assets/Epic Toon FX/Materials/Basics/glow4_ADD.mat
  artifactKey: Guid(e7f9d6fa459a42d48b4c8285dc69cf12) Importer(815301076,1909f56bfc062723c751e8b465ee728b)
Start importing Assets/Epic Toon FX/Materials/Basics/glow4_ADD.mat using Guid(e7f9d6fa459a42d48b4c8285dc69cf12) Importer(815301076,1909f56bfc062723c751e8b465ee728b)  -> (artifact id: '904154ac8dc3e9dcb05123957bd71138') in 0.016970 seconds 
  Import took 0.021345 seconds .

========================================================================
Received Import Request.
  Time since last request: 0.000165 seconds.
  path: Assets/Epic Toon FX/Materials/Basics/gradient_circle_ADD.mat
  artifactKey: Guid(f6a50ac73cb086a4fad339b8e93c8b5b) Importer(815301076,1909f56bfc062723c751e8b465ee728b)
Start importing Assets/Epic Toon FX/Materials/Basics/gradient_circle_ADD.mat using Guid(f6a50ac73cb086a4fad339b8e93c8b5b) Importer(815301076,1909f56bfc062723c751e8b465ee728b)  -> (artifact id: 'a9a7deb315a3d099c450b28f63797a31') in 0.014770 seconds 
  Import took 0.107889 seconds .

========================================================================
Received Import Request.
  Time since last request: 0.000155 seconds.
  path: Assets/Epic Toon FX/Materials/Basics/ring_shockwave_ADD.mat
  artifactKey: Guid(13def0b14fabe7840b99516a853854da) Importer(815301076,1909f56bfc062723c751e8b465ee728b)
Start importing Assets/Epic Toon FX/Materials/Basics/ring_shockwave_ADD.mat using Guid(13def0b14fabe7840b99516a853854da) Importer(815301076,1909f56bfc062723c751e8b465ee728b)  -> (artifact id: '97961ee1708f1e4108f4d2d38d10ea96') in 0.013112 seconds 
  Import took 0.017455 seconds .

========================================================================
Received Import Request.
  Time since last request: 0.000159 seconds.
  path: Assets/Epic Toon FX/Materials/Basics/gradient_horizontal_ADD.mat
  artifactKey: Guid(bfe15c5c7817ef444ab6b80888ec22ea) Importer(815301076,1909f56bfc062723c751e8b465ee728b)
Start importing Assets/Epic Toon FX/Materials/Basics/gradient_horizontal_ADD.mat using Guid(bfe15c5c7817ef444ab6b80888ec22ea) Importer(815301076,1909f56bfc062723c751e8b465ee728b)  -> (artifact id: '42123bb405e6f6b364d9b3cde9dd3b2a') in 0.013450 seconds 
  Import took 0.067444 seconds .

========================================================================
Received Import Request.
  Time since last request: 0.000166 seconds.
  path: Assets/Epic Toon FX/Materials/Basics/gradient_vertical_ADD.mat
  artifactKey: Guid(9d5f3d715091cd34e97ba2941c6fb73f) Importer(815301076,1909f56bfc062723c751e8b465ee728b)
Start importing Assets/Epic Toon FX/Materials/Basics/gradient_vertical_ADD.mat using Guid(9d5f3d715091cd34e97ba2941c6fb73f) Importer(815301076,1909f56bfc062723c751e8b465ee728b)  -> (artifact id: 'fc8b1e2b0a28aac9d3100e67e9d2c554') in 0.013464 seconds 
  Import took 0.017812 seconds .

========================================================================
Received Import Request.
  Time since last request: 0.000159 seconds.
  path: Assets/Epic Toon FX/Materials/Basics/cloud_magic_inv_AB.mat
  artifactKey: Guid(179f3ab476e92ed428b5a25204dea735) Importer(815301076,1909f56bfc062723c751e8b465ee728b)
Start importing Assets/Epic Toon FX/Materials/Basics/cloud_magic_inv_AB.mat using Guid(179f3ab476e92ed428b5a25204dea735) Importer(815301076,1909f56bfc062723c751e8b465ee728b)  -> (artifact id: '2fd6a2c1a04c5938ac5ff4ef8d355653') in 0.017787 seconds 
  Import took 0.022139 seconds .

========================================================================
Received Import Request.
  Time since last request: 0.000166 seconds.
  path: Assets/Epic Toon FX/Materials/Basics/lightray3_ADD.mat
  artifactKey: Guid(15dffb989e1e0f2428eff569b0f2176e) Importer(815301076,1909f56bfc062723c751e8b465ee728b)
Start importing Assets/Epic Toon FX/Materials/Basics/lightray3_ADD.mat using Guid(15dffb989e1e0f2428eff569b0f2176e) Importer(815301076,1909f56bfc062723c751e8b465ee728b)  -> (artifact id: '92a1322d4f912240c10dca841dab1f4b') in 0.012641 seconds 
  Import took 0.017096 seconds .

========================================================================
Received Import Request.
  Time since last request: 0.000194 seconds.
  path: Assets/Epic Toon FX/Materials/Basics/ring_AB.mat
  artifactKey: Guid(38e56bf2eab142445b49494feef54492) Importer(815301076,1909f56bfc062723c751e8b465ee728b)
Start importing Assets/Epic Toon FX/Materials/Basics/ring_AB.mat using Guid(38e56bf2eab142445b49494feef54492) Importer(815301076,1909f56bfc062723c751e8b465ee728b)  -> (artifact id: '3eb82d486292e7c38c9c9f4c73502ebd') in 0.411890 seconds 
  Import took 0.417179 seconds .

========================================================================
Received Import Request.
  Time since last request: 0.000160 seconds.
  path: Assets/Epic Toon FX/Materials/Basics/solid_AB.mat
  artifactKey: Guid(072ade2f5404113439ad723bd09909d2) Importer(815301076,1909f56bfc062723c751e8b465ee728b)
Start importing Assets/Epic Toon FX/Materials/Basics/solid_AB.mat using Guid(072ade2f5404113439ad723bd09909d2) Importer(815301076,1909f56bfc062723c751e8b465ee728b)  -> (artifact id: 'a0cfd1a1d294be877ad7ca412bf94c30') in 0.012933 seconds 
  Import took 0.017604 seconds .

========================================================================
Received Import Request.
  Time since last request: 0.000147 seconds.
  path: Assets/Epic Toon FX/Materials/Basics/cloud_magic_AB.mat
  artifactKey: Guid(826ea3d1669996d4e8a0165518ed9f97) Importer(815301076,1909f56bfc062723c751e8b465ee728b)
Start importing Assets/Epic Toon FX/Materials/Basics/cloud_magic_AB.mat using Guid(826ea3d1669996d4e8a0165518ed9f97) Importer(815301076,1909f56bfc062723c751e8b465ee728b)  -> (artifact id: '9e2a0ddaf1ae4cfbbcfefbcb143fa46a') in 0.013974 seconds 
  Import took 0.018510 seconds .

========================================================================
Received Import Request.
  Time since last request: 0.000167 seconds.
  path: Assets/Epic Toon FX/Materials/Basics/glow5_ADD.mat
  artifactKey: Guid(e4f292e8ebbc6d34a818254d4e7e6ef6) Importer(815301076,1909f56bfc062723c751e8b465ee728b)
Start importing Assets/Epic Toon FX/Materials/Basics/glow5_ADD.mat using Guid(e4f292e8ebbc6d34a818254d4e7e6ef6) Importer(815301076,1909f56bfc062723c751e8b465ee728b)  -> (artifact id: 'ab7bfbe3df4d3ffbb37403d6041a07a9') in 0.013648 seconds 
  Import took 0.018575 seconds .

========================================================================
Received Import Request.
  Time since last request: 0.000154 seconds.
  path: Assets/Epic Toon FX/Materials/Basics/ring_ADD.mat
  artifactKey: Guid(35b072e7a7dfe0f429bf5123cfc9a433) Importer(815301076,1909f56bfc062723c751e8b465ee728b)
Start importing Assets/Epic Toon FX/Materials/Basics/ring_ADD.mat using Guid(35b072e7a7dfe0f429bf5123cfc9a433) Importer(815301076,1909f56bfc062723c751e8b465ee728b)  -> (artifact id: '0cee0bd7a1cea54a19af24374baea237') in 0.015550 seconds 
  Import took 0.030276 seconds .

========================================================================
Received Import Request.
  Time since last request: 0.000175 seconds.
  path: Assets/Epic Toon FX/Materials/Basics/circle_ADD.mat
  artifactKey: Guid(4bf10d94145fd6c4187c18de0af92e43) Importer(815301076,1909f56bfc062723c751e8b465ee728b)
Start importing Assets/Epic Toon FX/Materials/Basics/circle_ADD.mat using Guid(4bf10d94145fd6c4187c18de0af92e43) Importer(815301076,1909f56bfc062723c751e8b465ee728b)  -> (artifact id: '02b66a3c15d6530799630033d6f37ae1') in 0.011888 seconds 
  Import took 0.016367 seconds .

========================================================================
Received Import Request.
  Time since last request: 0.000146 seconds.
  path: Assets/Epic Toon FX/Materials/Basics/circlestretchy_AB.mat
  artifactKey: Guid(c69a36694c3d44847ae1097a253e3d56) Importer(815301076,1909f56bfc062723c751e8b465ee728b)
Start importing Assets/Epic Toon FX/Materials/Basics/circlestretchy_AB.mat using Guid(c69a36694c3d44847ae1097a253e3d56) Importer(815301076,1909f56bfc062723c751e8b465ee728b)  -> (artifact id: '52c2543b8ec776cf6829a64f22a27611') in 0.012441 seconds 
  Import took 0.016785 seconds .

========================================================================
Received Import Request.
  Time since last request: 0.000137 seconds.
  path: Assets/Epic Toon FX/Materials/Basics/wave3_ADD.mat
  artifactKey: Guid(7d02299296a2a9843981fe2199b208f1) Importer(815301076,1909f56bfc062723c751e8b465ee728b)
Start importing Assets/Epic Toon FX/Materials/Basics/wave3_ADD.mat using Guid(7d02299296a2a9843981fe2199b208f1) Importer(815301076,1909f56bfc062723c751e8b465ee728b)  -> (artifact id: 'e247128aad524f7bd0b5f18909b76069') in 0.012304 seconds 
  Import took 0.016857 seconds .

========================================================================
Received Import Request.
  Time since last request: 0.000147 seconds.
  path: Assets/Epic Toon FX/Materials/Basics/cloud_2x2_soft_ADD.mat
  artifactKey: Guid(45e5f8a52225d8445999992da27052fd) Importer(815301076,1909f56bfc062723c751e8b465ee728b)
Start importing Assets/Epic Toon FX/Materials/Basics/cloud_2x2_soft_ADD.mat using Guid(45e5f8a52225d8445999992da27052fd) Importer(815301076,1909f56bfc062723c751e8b465ee728b)  -> (artifact id: '60a6d5506d57cc43e42e4cfbdc88e917') in 0.012783 seconds 
  Import took 0.017175 seconds .

========================================================================
Received Import Request.
  Time since last request: 0.000153 seconds.
  path: Assets/Epic Toon FX/Materials/Basics/rocketgradient_AB.mat
  artifactKey: Guid(487d8dfcd1ed64f4fbd9d9809930a332) Importer(815301076,1909f56bfc062723c751e8b465ee728b)
Start importing Assets/Epic Toon FX/Materials/Basics/rocketgradient_AB.mat using Guid(487d8dfcd1ed64f4fbd9d9809930a332) Importer(815301076,1909f56bfc062723c751e8b465ee728b)  -> (artifact id: 'fb48b385fa3a96395d5fbba700cc379b') in 0.012411 seconds 
  Import took 0.017148 seconds .

========================================================================
Received Import Request.
  Time since last request: 0.000161 seconds.
  path: Assets/Epic Toon FX/Materials/Basics/cloud_2x2_soft_AB.mat
  artifactKey: Guid(719f8d52fe2e6b444b41c2f7a8fe587b) Importer(815301076,1909f56bfc062723c751e8b465ee728b)
Start importing Assets/Epic Toon FX/Materials/Basics/cloud_2x2_soft_AB.mat using Guid(719f8d52fe2e6b444b41c2f7a8fe587b) Importer(815301076,1909f56bfc062723c751e8b465ee728b)  -> (artifact id: 'fe9877b608e10800d853cab67c28a416') in 0.012737 seconds 
  Import took 0.017031 seconds .

========================================================================
Received Import Request.
  Time since last request: 0.000158 seconds.
  path: Assets/Epic Toon FX/Materials/Basics/glow1_AB.mat
  artifactKey: Guid(aee7f230a05bc8644854344e7c55f328) Importer(815301076,1909f56bfc062723c751e8b465ee728b)
Start importing Assets/Epic Toon FX/Materials/Basics/glow1_AB.mat using Guid(aee7f230a05bc8644854344e7c55f328) Importer(815301076,1909f56bfc062723c751e8b465ee728b)  -> (artifact id: 'e597398c469e6dfb14f3b0c0c4f16c98') in 0.031940 seconds 
  Import took 0.036061 seconds .

========================================================================
Received Import Request.
  Time since last request: 0.000162 seconds.
  path: Assets/Epic Toon FX/Materials/Basics/lasergradient_AB.mat
  artifactKey: Guid(92702363e36a1e74cbe34cad65ad5e0f) Importer(815301076,1909f56bfc062723c751e8b465ee728b)
Start importing Assets/Epic Toon FX/Materials/Basics/lasergradient_AB.mat using Guid(92702363e36a1e74cbe34cad65ad5e0f) Importer(815301076,1909f56bfc062723c751e8b465ee728b)  -> (artifact id: '4899e8120fc77bc8baf43d5af1d0a1c6') in 0.012065 seconds 
  Import took 0.016704 seconds .

========================================================================
Received Import Request.
  Time since last request: 0.000150 seconds.
  path: Assets/Epic Toon FX/Materials/Basics/circle_sharp_AB.mat
  artifactKey: Guid(b58c3fd50bae96e45a6724463dbbd64c) Importer(815301076,1909f56bfc062723c751e8b465ee728b)
Start importing Assets/Epic Toon FX/Materials/Basics/circle_sharp_AB.mat using Guid(b58c3fd50bae96e45a6724463dbbd64c) Importer(815301076,1909f56bfc062723c751e8b465ee728b)  -> (artifact id: '48c6f6e7897b069cd5baa24f7f8c2666') in 0.012524 seconds 
  Import took 0.027884 seconds .

========================================================================
Received Import Request.
  Time since last request: 0.000143 seconds.
  path: Assets/Epic Toon FX/Materials/Basics/glow3_AB.mat
  artifactKey: Guid(2645e491dc8702e4c9cdada625df1bb0) Importer(815301076,1909f56bfc062723c751e8b465ee728b)
Start importing Assets/Epic Toon FX/Materials/Basics/glow3_AB.mat using Guid(2645e491dc8702e4c9cdada625df1bb0) Importer(815301076,1909f56bfc062723c751e8b465ee728b)  -> (artifact id: 'd06011a96038ae9b8d492c559d95adfd') in 0.012601 seconds 
  Import took 0.016769 seconds .

========================================================================
Received Import Request.
  Time since last request: 0.000153 seconds.
  path: Assets/Epic Toon FX/Materials/Basics/cloud_2x2_default_AB.mat
  artifactKey: Guid(d386c5d9fb941e845b73fe6da5491ef2) Importer(815301076,1909f56bfc062723c751e8b465ee728b)
Start importing Assets/Epic Toon FX/Materials/Basics/cloud_2x2_default_AB.mat using Guid(d386c5d9fb941e845b73fe6da5491ef2) Importer(815301076,1909f56bfc062723c751e8b465ee728b)  -> (artifact id: 'b6f37561b2968811f7467fd59dff3270') in 0.013251 seconds 
  Import took 0.023265 seconds .

========================================================================
Received Import Request.
  Time since last request: 0.000188 seconds.
  path: Assets/Epic Toon FX/Materials/Basics/sparkle2_ADD.mat
  artifactKey: Guid(1fe38ac1a569ae54590f6e2aff679c74) Importer(815301076,1909f56bfc062723c751e8b465ee728b)
Start importing Assets/Epic Toon FX/Materials/Basics/sparkle2_ADD.mat using Guid(1fe38ac1a569ae54590f6e2aff679c74) Importer(815301076,1909f56bfc062723c751e8b465ee728b)  -> (artifact id: '1e00784bd31e5f5b3de914b48ff3c261') in 0.012498 seconds 
  Import took 0.017011 seconds .

========================================================================
Received Import Request.
  Time since last request: 0.000159 seconds.
  path: Assets/Epic Toon FX/Materials/Basics/triangle_curve_AB.mat
  artifactKey: Guid(f49f152fbc313b14b8d4b82329b10a1c) Importer(815301076,1909f56bfc062723c751e8b465ee728b)
Start importing Assets/Epic Toon FX/Materials/Basics/triangle_curve_AB.mat using Guid(f49f152fbc313b14b8d4b82329b10a1c) Importer(815301076,1909f56bfc062723c751e8b465ee728b)  -> (artifact id: 'eeaafff0e4e625a0178dc797e6589748') in 0.022998 seconds 
  Import took 0.027573 seconds .

========================================================================
Received Import Request.
  Time since last request: 0.000166 seconds.
  path: Assets/Epic Toon FX/Materials/Basics/triangle_AB.mat
  artifactKey: Guid(6f795a8b392db5d4aa0bb026020ed093) Importer(815301076,1909f56bfc062723c751e8b465ee728b)
Start importing Assets/Epic Toon FX/Materials/Basics/triangle_AB.mat using Guid(6f795a8b392db5d4aa0bb026020ed093) Importer(815301076,1909f56bfc062723c751e8b465ee728b)  -> (artifact id: '74bf42183478b195fe2b92752620bddc') in 0.012711 seconds 
  Import took 0.017081 seconds .

========================================================================
Received Import Request.
  Time since last request: 0.000136 seconds.
  path: Assets/Epic Toon FX/Materials/Basics/sparkle_AB.mat
  artifactKey: Guid(4408abb7a30b61a4a9a19dbb5f761d2b) Importer(815301076,1909f56bfc062723c751e8b465ee728b)
Start importing Assets/Epic Toon FX/Materials/Basics/sparkle_AB.mat using Guid(4408abb7a30b61a4a9a19dbb5f761d2b) Importer(815301076,1909f56bfc062723c751e8b465ee728b)  -> (artifact id: 'dd4b79ad12fdb4c8d9df8b31b9cbfe23') in 0.012778 seconds 
  Import took 0.017311 seconds .

========================================================================
Received Import Request.
  Time since last request: 0.000149 seconds.
  path: Assets/Epic Toon FX/Materials/Basics/triangle_soft_ADD.mat
  artifactKey: Guid(a058931dd3543234e94c05ced3fd8de6) Importer(815301076,1909f56bfc062723c751e8b465ee728b)
Start importing Assets/Epic Toon FX/Materials/Basics/triangle_soft_ADD.mat using Guid(a058931dd3543234e94c05ced3fd8de6) Importer(815301076,1909f56bfc062723c751e8b465ee728b)  -> (artifact id: '7b7a951aa0454f66758f9d81f084dbf2') in 0.012481 seconds 
  Import took 0.016990 seconds .

========================================================================
Received Import Request.
  Time since last request: 0.000162 seconds.
  path: Assets/Epic Toon FX/Materials/Basics/lightray1_ADD.mat
  artifactKey: Guid(bc14231efc40c384ea470e5c723215de) Importer(815301076,1909f56bfc062723c751e8b465ee728b)
Start importing Assets/Epic Toon FX/Materials/Basics/lightray1_ADD.mat using Guid(bc14231efc40c384ea470e5c723215de) Importer(815301076,1909f56bfc062723c751e8b465ee728b)  -> (artifact id: 'd5f565a917e104ca2cf1f0ead1526beb') in 0.011920 seconds 
  Import took 0.016562 seconds .

========================================================================
Received Import Request.
  Time since last request: 0.000167 seconds.
  path: Assets/Epic Toon FX/Materials/Basics/snow_AB.mat
  artifactKey: Guid(5d7464181f672e9479567740b60a2233) Importer(815301076,1909f56bfc062723c751e8b465ee728b)
Start importing Assets/Epic Toon FX/Materials/Basics/snow_AB.mat using Guid(5d7464181f672e9479567740b60a2233) Importer(815301076,1909f56bfc062723c751e8b465ee728b)  -> (artifact id: 'f9f1b0793312bd8f3a620a5c3258a706') in 0.014660 seconds 
  Import took 0.019104 seconds .

========================================================================
Received Import Request.
  Time since last request: 0.000138 seconds.
  path: Assets/Epic Toon FX/Materials/Basics/glow6_ADD.mat
  artifactKey: Guid(7ed55a30fb4b6c14baa66d6a0e98330b) Importer(815301076,1909f56bfc062723c751e8b465ee728b)
Start importing Assets/Epic Toon FX/Materials/Basics/glow6_ADD.mat using Guid(7ed55a30fb4b6c14baa66d6a0e98330b) Importer(815301076,1909f56bfc062723c751e8b465ee728b)  -> (artifact id: '57081de8aac4e9619d9bd2f5c0e12b70') in 0.012523 seconds 
  Import took 0.017355 seconds .

========================================================================
Received Import Request.
  Time since last request: 0.000175 seconds.
  path: Assets/Epic Toon FX/Materials/Basics/lightray2_ADD.mat
  artifactKey: Guid(d63774db53e2fee4b84a72da1c9f1096) Importer(815301076,1909f56bfc062723c751e8b465ee728b)
Start importing Assets/Epic Toon FX/Materials/Basics/lightray2_ADD.mat using Guid(d63774db53e2fee4b84a72da1c9f1096) Importer(815301076,1909f56bfc062723c751e8b465ee728b)  -> (artifact id: '4ec7077c50693862a0aa1dd797ba7712') in 0.012553 seconds 
  Import took 0.017355 seconds .

========================================================================
Received Import Request.
  Time since last request: 0.000170 seconds.
  path: Assets/Epic Toon FX/Materials/Basics/rocketgradient_ADD.mat
  artifactKey: Guid(77821a7e4ac042a4687cd751a9d72e64) Importer(815301076,1909f56bfc062723c751e8b465ee728b)
Start importing Assets/Epic Toon FX/Materials/Basics/rocketgradient_ADD.mat using Guid(77821a7e4ac042a4687cd751a9d72e64) Importer(815301076,1909f56bfc062723c751e8b465ee728b)  -> (artifact id: '64997304c3c7deef48191476c670109c') in 0.012214 seconds 
  Import took 0.016840 seconds .

========================================================================
Received Import Request.
  Time since last request: 0.000163 seconds.
  path: Assets/Epic Toon FX/Materials/Basics/circle_nosoft_AB.mat
  artifactKey: Guid(2526e785378784a4289bd2a1e0c066f7) Importer(815301076,1909f56bfc062723c751e8b465ee728b)
Start importing Assets/Epic Toon FX/Materials/Basics/circle_nosoft_AB.mat using Guid(2526e785378784a4289bd2a1e0c066f7) Importer(815301076,1909f56bfc062723c751e8b465ee728b)  -> (artifact id: '8ba763a8b1194d9345fda5f0e47d4441') in 0.012449 seconds 
  Import took 0.017485 seconds .

========================================================================
Received Import Request.
  Time since last request: 0.000185 seconds.
  path: Assets/Epic Toon FX/Materials/Basics/gradient_edges_ADD.mat
  artifactKey: Guid(43a9eafdbf18e9c4ca51ae50f35ec175) Importer(815301076,1909f56bfc062723c751e8b465ee728b)
Start importing Assets/Epic Toon FX/Materials/Basics/gradient_edges_ADD.mat using Guid(43a9eafdbf18e9c4ca51ae50f35ec175) Importer(815301076,1909f56bfc062723c751e8b465ee728b)  -> (artifact id: '751a2d094e32999d926618549a5dcd6c') in 0.012339 seconds 
  Import took 0.016958 seconds .

========================================================================
Received Import Request.
  Time since last request: 0.000152 seconds.
  path: Assets/Epic Toon FX/Materials/Basics/glow2_ADD.mat
  artifactKey: Guid(b29e688b444288148ad46d4aae66cffc) Importer(815301076,1909f56bfc062723c751e8b465ee728b)
Start importing Assets/Epic Toon FX/Materials/Basics/glow2_ADD.mat using Guid(b29e688b444288148ad46d4aae66cffc) Importer(815301076,1909f56bfc062723c751e8b465ee728b)  -> (artifact id: 'dbeaa69db48faff63f327d9c8b50dbda') in 0.012467 seconds 
  Import took 0.017069 seconds .

========================================================================
Received Import Request.
  Time since last request: 0.000164 seconds.
  path: Assets/Epic Toon FX/Materials/Basics/line_sharp_AB.mat
  artifactKey: Guid(8c8ec7f6096f3654989f118bd767030d) Importer(815301076,1909f56bfc062723c751e8b465ee728b)
Start importing Assets/Epic Toon FX/Materials/Basics/line_sharp_AB.mat using Guid(8c8ec7f6096f3654989f118bd767030d) Importer(815301076,1909f56bfc062723c751e8b465ee728b)  -> (artifact id: '3888f8600cd37ba09b43077983e935ac') in 0.012130 seconds 
  Import took 0.017381 seconds .

========================================================================
Received Import Request.
  Time since last request: 0.000155 seconds.
  path: Assets/Epic Toon FX/Materials/Basics/sparkle_ADD.mat
  artifactKey: Guid(a976a44ca501e564bb2adee42f573b4d) Importer(815301076,1909f56bfc062723c751e8b465ee728b)
Start importing Assets/Epic Toon FX/Materials/Basics/sparkle_ADD.mat using Guid(a976a44ca501e564bb2adee42f573b4d) Importer(815301076,1909f56bfc062723c751e8b465ee728b)  -> (artifact id: 'a541bf2f539bf2216854f97c2a4052ba') in 0.012061 seconds 
  Import took 0.016939 seconds .

========================================================================
Received Import Request.
  Time since last request: 0.000149 seconds.
  path: Assets/Epic Toon FX/Materials/Basics/glow1_ADD.mat
  artifactKey: Guid(e653836c30661fe419b8992e230ca189) Importer(815301076,1909f56bfc062723c751e8b465ee728b)
Start importing Assets/Epic Toon FX/Materials/Basics/glow1_ADD.mat using Guid(e653836c30661fe419b8992e230ca189) Importer(815301076,1909f56bfc062723c751e8b465ee728b)  -> (artifact id: '7d4f6e11515baad8267d0a61ab6605f0') in 0.012117 seconds 
  Import took 0.016533 seconds .

========================================================================
Received Import Request.
  Time since last request: 0.000147 seconds.
  path: Assets/Epic Toon FX/Materials/Basics/ring_nofade_ADD.mat
  artifactKey: Guid(9eb479f5a4882b2448c5740a38a0cdc0) Importer(815301076,1909f56bfc062723c751e8b465ee728b)
Start importing Assets/Epic Toon FX/Materials/Basics/ring_nofade_ADD.mat using Guid(9eb479f5a4882b2448c5740a38a0cdc0) Importer(815301076,1909f56bfc062723c751e8b465ee728b)  -> (artifact id: '2d5935463d0184a5201fd4a11df52d8a') in 0.013110 seconds 
  Import took 0.017587 seconds .

========================================================================
Received Import Request.
  Time since last request: 31.012336 seconds.
  path: Assets/floor0.fbx
  artifactKey: Guid(28295534994034f409a07eaffbf9cccb) Importer(815301076,1909f56bfc062723c751e8b465ee728b)
Start importing Assets/floor0.fbx using Guid(28295534994034f409a07eaffbf9cccb) Importer(815301076,1909f56bfc062723c751e8b465ee728b)  -> (artifact id: '8915dbff34e0cb884cfeb7ba0581832f') in 0.585565 seconds 
  Import took 0.592278 seconds .

========================================================================
Received Import Request.
  Time since last request: 4.341049 seconds.
  path: Assets/floor1.fbx
  artifactKey: Guid(415f671c7787eb845b8023d0b0270d55) Importer(815301076,1909f56bfc062723c751e8b465ee728b)
Start importing Assets/floor1.fbx using Guid(415f671c7787eb845b8023d0b0270d55) Importer(815301076,1909f56bfc062723c751e8b465ee728b)  -> (artifact id: '3c9274af1e940a39fd3d4600b62dc406') in 0.048094 seconds 
  Import took 0.053570 seconds .

========================================================================
Received Import Request.
  Time since last request: 0.000159 seconds.
  path: Assets/New Terrain.asset
  artifactKey: Guid(0e6c03b7bab6ce14e8b7080c878c78cf) Importer(815301076,1909f56bfc062723c751e8b465ee728b)
Start importing Assets/New Terrain.asset using Guid(0e6c03b7bab6ce14e8b7080c878c78cf) Importer(815301076,1909f56bfc062723c751e8b465ee728b)  -> (artifact id: '50b2c1a4386be3ca96430fd7bda8e791') in 0.016170 seconds 
  Import took 0.146375 seconds .

========================================================================
Received Import Request.
  Time since last request: 0.000167 seconds.
  path: Assets/SkyProfile-979390768977083836.asset
  artifactKey: Guid(a3de995b8cd66e44da79462ae47c170b) Importer(815301076,1909f56bfc062723c751e8b465ee728b)
Start importing Assets/SkyProfile-979390768977083836.asset using Guid(a3de995b8cd66e44da79462ae47c170b) Importer(815301076,1909f56bfc062723c751e8b465ee728b)  -> (artifact id: 'eb58ac79c41bf38736bc8e3f70d39d57') in 0.032131 seconds 
  Import took 0.037315 seconds .

========================================================================
Received Import Request.
  Time since last request: 0.000145 seconds.
  path: Assets/SkyProfile-553816812354873836.asset
  artifactKey: Guid(5a3c070f491e16842843e0fef2fffe56) Importer(815301076,1909f56bfc062723c751e8b465ee728b)
Start importing Assets/SkyProfile-553816812354873836.asset using Guid(5a3c070f491e16842843e0fef2fffe56) Importer(815301076,1909f56bfc062723c751e8b465ee728b)  -> (artifact id: 'df9efa0740610d2752652e85ab98bb36') in 0.021835 seconds 
  Import took 0.026354 seconds .

========================================================================
Received Import Request.
  Time since last request: 0.000164 seconds.
  path: Assets/SkyProfile-228050714651973836.asset
  artifactKey: Guid(cfafd757bba0dc840a72fb632c211b84) Importer(815301076,1909f56bfc062723c751e8b465ee728b)
Start importing Assets/SkyProfile-228050714651973836.asset using Guid(cfafd757bba0dc840a72fb632c211b84) Importer(815301076,1909f56bfc062723c751e8b465ee728b)  -> (artifact id: '4227cf9c42adcbd9e7cdb10aad92858d') in 0.025722 seconds 
  Import took 0.030694 seconds .

========================================================================
Received Import Request.
  Time since last request: 0.000145 seconds.
  path: Assets/SkyProfile-980512156652873836.asset
  artifactKey: Guid(4c80b8402148a3e47b89a568cb82a826) Importer(815301076,1909f56bfc062723c751e8b465ee728b)
Start importing Assets/SkyProfile-980512156652873836.asset using Guid(4c80b8402148a3e47b89a568cb82a826) Importer(815301076,1909f56bfc062723c751e8b465ee728b)  -> (artifact id: 'e629b9a51774505264e3546ac70bd55d') in 0.042426 seconds 
  Import took 0.047107 seconds .

========================================================================
Received Prepare
Switching render pipeline f6fc13ee3b9510140ad26d17272b74e8 -> 00000000000000000000000000000000
Refreshing native plugins compatible for Editor in 2.86 ms, found 2 plugins.
Preloading 0 native plugins for Editor in 0.00 ms.
Unloading 13 Unused Serialized files (Serialized files now loaded: 0)
System memory in use before: 105.5 MB.
System memory in use after: 105.8 MB.

Unloading 13 unused Assets to reduce memory usage. Loaded Objects now: 3995.
Total: 4.010700 ms (FindLiveObjects: 0.376400 ms CreateObjectMapping: 0.201100 ms MarkObjects: 3.421800 ms  DeleteObjects: 0.010900 ms)

AssetImportParameters requested are different than current active one (requested -> active):
  custom:framework-win-MediaFoundation: 216162199b28c13a410421893ffa2e32 -> 
  custom:video-decoder-ogg-theora: a1e56fd34408186e4bbccfd4996cb3dc -> 
  custom:container-muxer-webm: aa71ff27fc2769a1b78a27578f13a17b -> 
  custom:container-demuxer-webm: 4f35f7cbe854078d1ac9338744f61a02 -> 
  custom:container-demuxer-ogg: 62fdf1f143b41e24485cea50d1cbac27 -> 
  custom:video-encoder-webm-vp8: eb34c28f22e8b96e1ab97ce403110664 -> 
  custom:video-decoder-webm-vp8: 9c59270c3fd7afecdb556c50c9e8de78 -> 
  custom:audio-decoder-ogg-vorbis: bf7c407c2cedff20999df2af8eb42d56 -> 
  custom:audio-encoder-webm-vorbis: bf7c407c2cedff20999df2af8eb42d56 -> 
========================================================================
Received Import Request.
  Time since last request: 6.859127 seconds.
  path: Assets/MapleTree_Bark.mat
  artifactKey: Guid(0cfd78d1a0cee9d43b0eb4ebdba1c08f) Importer(815301076,1909f56bfc062723c751e8b465ee728b)
Start importing Assets/MapleTree_Bark.mat using Guid(0cfd78d1a0cee9d43b0eb4ebdba1c08f) Importer(815301076,1909f56bfc062723c751e8b465ee728b)  -> (artifact id: 'b14285082380a9186017c5084d888517') in 0.030043 seconds 
  Import took 0.036131 seconds .

========================================================================
Received Import Request.
  Time since last request: 20.856925 seconds.
  path: Assets/Epic Toon FX/Materials/Misc/Bubbles/bubble_half_clear_AB.mat
  artifactKey: Guid(17a51b7e0fd51c541b24cc33e181a0a5) Importer(815301076,1909f56bfc062723c751e8b465ee728b)
Start importing Assets/Epic Toon FX/Materials/Misc/Bubbles/bubble_half_clear_AB.mat using Guid(17a51b7e0fd51c541b24cc33e181a0a5) Importer(815301076,1909f56bfc062723c751e8b465ee728b)  -> (artifact id: 'd75f607e357bc0d54a162b4bbec7c092') in 0.014095 seconds 
  Import took 0.019274 seconds .

========================================================================
Received Import Request.
  Time since last request: 0.000190 seconds.
  path: Assets/Epic Toon FX/Materials/Misc/Bubbles/bubble_soap_ADD.mat
  artifactKey: Guid(3be8ddfefd82d4c46aacf35c0e709d9d) Importer(815301076,1909f56bfc062723c751e8b465ee728b)
Start importing Assets/Epic Toon FX/Materials/Misc/Bubbles/bubble_soap_ADD.mat using Guid(3be8ddfefd82d4c46aacf35c0e709d9d) Importer(815301076,1909f56bfc062723c751e8b465ee728b)  -> (artifact id: 'c7491e15279c39fccd5aaeb8382bb4e2') in 0.020477 seconds 
  Import took 0.025810 seconds .

========================================================================
Received Import Request.
  Time since last request: 0.000172 seconds.
  path: Assets/Epic Toon FX/Materials/Misc/Bubbles/bubble_half_thick_ADD.mat
  artifactKey: Guid(3c12fe37da4f4054e98dba91f072b734) Importer(815301076,1909f56bfc062723c751e8b465ee728b)
Start importing Assets/Epic Toon FX/Materials/Misc/Bubbles/bubble_half_thick_ADD.mat using Guid(3c12fe37da4f4054e98dba91f072b734) Importer(815301076,1909f56bfc062723c751e8b465ee728b)  -> (artifact id: 'dbd7739632d5d1b3928e3cad89f1ac90') in 0.029093 seconds 
  Import took 0.034307 seconds .

========================================================================
Received Import Request.
  Time since last request: 0.000162 seconds.
  path: Assets/Epic Toon FX/Materials/Misc/Bubbles/bubble_round2_ADD.mat
  artifactKey: Guid(daba5687afb2ea24f95d16146dce6cc8) Importer(815301076,1909f56bfc062723c751e8b465ee728b)
Start importing Assets/Epic Toon FX/Materials/Misc/Bubbles/bubble_round2_ADD.mat using Guid(daba5687afb2ea24f95d16146dce6cc8) Importer(815301076,1909f56bfc062723c751e8b465ee728b)  -> (artifact id: '281b2e9661d2870741797a9d8c752285') in 0.021194 seconds 
  Import took 0.026375 seconds .

========================================================================
Received Import Request.
  Time since last request: 0.000167 seconds.
  path: Assets/Epic Toon FX/Materials/Misc/Bubbles/bubble_round3_ADD.mat
  artifactKey: Guid(3d0bdb19affdc5741b6d457ee719ed02) Importer(815301076,1909f56bfc062723c751e8b465ee728b)
Start importing Assets/Epic Toon FX/Materials/Misc/Bubbles/bubble_round3_ADD.mat using Guid(3d0bdb19affdc5741b6d457ee719ed02) Importer(815301076,1909f56bfc062723c751e8b465ee728b)  -> (artifact id: 'dcd4260c67a9fdc2cf785f54e1e1ef4f') in 0.013955 seconds 
  Import took 0.018946 seconds .

========================================================================
Received Prepare
Registering precompiled user dll's ...
Registered in 0.003916 seconds.
Begin MonoManager ReloadAssembly
Native extension for LinuxStandalone target not found
Native extension for WindowsStandalone target not found
Refreshing native plugins compatible for Editor in 1.34 ms, found 2 plugins.
Preloading 0 native plugins for Editor in 0.00 ms.
Mono: successfully reloaded assembly
- Completed reload, in  0.863 seconds
Domain Reload Profiling:
	ReloadAssembly (863ms)
		BeginReloadAssembly (116ms)
			ExecutionOrderSort (0ms)
			DisableScriptedObjects (3ms)
			BackupInstance (0ms)
			ReleaseScriptingObjects (0ms)
			CreateAndSetChildDomain (39ms)
		EndReloadAssembly (701ms)
			LoadAssemblies (75ms)
			RebuildTransferFunctionScriptingTraits (0ms)
			SetupTypeCache (264ms)
			ReleaseScriptCaches (1ms)
			RebuildScriptCaches (33ms)
			SetupLoadedEditorAssemblies (259ms)
				LogAssemblyErrors (0ms)
				InitializePlatformSupportModulesInManaged (5ms)
				SetLoadedEditorAssemblies (1ms)
				RefreshPlugins (1ms)
				BeforeProcessingInitializeOnLoad (78ms)
				ProcessInitializeOnLoadAttributes (166ms)
				ProcessInitializeOnLoadMethodAttributes (7ms)
				AfterProcessingInitializeOnLoad (2ms)
				EditorAssembliesLoaded (0ms)
			ExecutionOrderSort2 (0ms)
			AwakeInstancesAfterBackupRestoration (5ms)
Platform modules already initialized, skipping
Refreshing native plugins compatible for Editor in 1.43 ms, found 2 plugins.
Preloading 0 native plugins for Editor in 0.00 ms.
Unloading 2830 Unused Serialized files (Serialized files now loaded: 0)
System memory in use before: 159.7 MB.
System memory in use after: 159.9 MB.

Unloading 244 unused Assets to reduce memory usage. Loaded Objects now: 3743.
Total: 3.588000 ms (FindLiveObjects: 0.286300 ms CreateObjectMapping: 0.174300 ms MarkObjects: 2.860300 ms  DeleteObjects: 0.266000 ms)

AssetImportParameters requested are different than current active one (requested -> active):
  custom:framework-win-MediaFoundation: 216162199b28c13a410421893ffa2e32 -> 
  custom:video-decoder-ogg-theora: a1e56fd34408186e4bbccfd4996cb3dc -> 
  custom:container-muxer-webm: aa71ff27fc2769a1b78a27578f13a17b -> 
  custom:container-demuxer-webm: 4f35f7cbe854078d1ac9338744f61a02 -> 
  custom:container-demuxer-ogg: 62fdf1f143b41e24485cea50d1cbac27 -> 
  custom:video-encoder-webm-vp8: eb34c28f22e8b96e1ab97ce403110664 -> 
  custom:video-decoder-webm-vp8: 9c59270c3fd7afecdb556c50c9e8de78 -> 
  custom:audio-decoder-ogg-vorbis: bf7c407c2cedff20999df2af8eb42d56 -> 
  custom:audio-encoder-webm-vorbis: bf7c407c2cedff20999df2af8eb42d56 -> 
========================================================================
Received Prepare
Registering precompiled user dll's ...
Registered in 0.003382 seconds.
Begin MonoManager ReloadAssembly
Native extension for LinuxStandalone target not found
Native extension for WindowsStandalone target not found
Refreshing native plugins compatible for Editor in 0.87 ms, found 2 plugins.
Preloading 0 native plugins for Editor in 0.00 ms.
Mono: successfully reloaded assembly
- Completed reload, in  0.762 seconds
Domain Reload Profiling:
	ReloadAssembly (762ms)
		BeginReloadAssembly (104ms)
			ExecutionOrderSort (0ms)
			DisableScriptedObjects (3ms)
			BackupInstance (0ms)
			ReleaseScriptingObjects (0ms)
			CreateAndSetChildDomain (31ms)
		EndReloadAssembly (616ms)
			LoadAssemblies (70ms)
			RebuildTransferFunctionScriptingTraits (0ms)
			SetupTypeCache (221ms)
			ReleaseScriptCaches (1ms)
			RebuildScriptCaches (28ms)
			SetupLoadedEditorAssemblies (235ms)
				LogAssemblyErrors (0ms)
				InitializePlatformSupportModulesInManaged (4ms)
				SetLoadedEditorAssemblies (0ms)
				RefreshPlugins (1ms)
				BeforeProcessingInitializeOnLoad (69ms)
				ProcessInitializeOnLoadAttributes (152ms)
				ProcessInitializeOnLoadMethodAttributes (6ms)
				AfterProcessingInitializeOnLoad (2ms)
				EditorAssembliesLoaded (0ms)
			ExecutionOrderSort2 (0ms)
			AwakeInstancesAfterBackupRestoration (5ms)
Platform modules already initialized, skipping
Refreshing native plugins compatible for Editor in 0.92 ms, found 2 plugins.
Preloading 0 native plugins for Editor in 0.00 ms.
Unloading 2830 Unused Serialized files (Serialized files now loaded: 0)
System memory in use before: 155.8 MB.
System memory in use after: 156.0 MB.

Unloading 15 unused Assets to reduce memory usage. Loaded Objects now: 3745.
Total: 3.333900 ms (FindLiveObjects: 0.258000 ms CreateObjectMapping: 0.161500 ms MarkObjects: 2.897000 ms  DeleteObjects: 0.016700 ms)

AssetImportParameters requested are different than current active one (requested -> active):
  custom:framework-win-MediaFoundation: 216162199b28c13a410421893ffa2e32 -> 
  custom:video-decoder-ogg-theora: a1e56fd34408186e4bbccfd4996cb3dc -> 
  custom:container-muxer-webm: aa71ff27fc2769a1b78a27578f13a17b -> 
  custom:container-demuxer-webm: 4f35f7cbe854078d1ac9338744f61a02 -> 
  custom:container-demuxer-ogg: 62fdf1f143b41e24485cea50d1cbac27 -> 
  custom:video-encoder-webm-vp8: eb34c28f22e8b96e1ab97ce403110664 -> 
  custom:video-decoder-webm-vp8: 9c59270c3fd7afecdb556c50c9e8de78 -> 
  custom:audio-decoder-ogg-vorbis: bf7c407c2cedff20999df2af8eb42d56 -> 
  custom:audio-encoder-webm-vorbis: bf7c407c2cedff20999df2af8eb42d56 -> 
========================================================================
Received Prepare
Registering precompiled user dll's ...
Registered in 0.003327 seconds.
Begin MonoManager ReloadAssembly
Native extension for LinuxStandalone target not found
Native extension for WindowsStandalone target not found
Refreshing native plugins compatible for Editor in 0.86 ms, found 2 plugins.
Preloading 0 native plugins for Editor in 0.00 ms.
Mono: successfully reloaded assembly
- Completed reload, in  0.779 seconds
Domain Reload Profiling:
	ReloadAssembly (779ms)
		BeginReloadAssembly (104ms)
			ExecutionOrderSort (0ms)
			DisableScriptedObjects (3ms)
			BackupInstance (0ms)
			ReleaseScriptingObjects (0ms)
			CreateAndSetChildDomain (29ms)
		EndReloadAssembly (634ms)
			LoadAssemblies (70ms)
			RebuildTransferFunctionScriptingTraits (0ms)
			SetupTypeCache (232ms)
			ReleaseScriptCaches (1ms)
			RebuildScriptCaches (31ms)
			SetupLoadedEditorAssemblies (236ms)
				LogAssemblyErrors (0ms)
				InitializePlatformSupportModulesInManaged (4ms)
				SetLoadedEditorAssemblies (0ms)
				RefreshPlugins (1ms)
				BeforeProcessingInitializeOnLoad (70ms)
				ProcessInitializeOnLoadAttributes (151ms)
				ProcessInitializeOnLoadMethodAttributes (6ms)
				AfterProcessingInitializeOnLoad (2ms)
				EditorAssembliesLoaded (0ms)
			ExecutionOrderSort2 (0ms)
			AwakeInstancesAfterBackupRestoration (5ms)
Platform modules already initialized, skipping
Refreshing native plugins compatible for Editor in 0.89 ms, found 2 plugins.
Preloading 0 native plugins for Editor in 0.00 ms.
Unloading 2830 Unused Serialized files (Serialized files now loaded: 0)
System memory in use before: 155.8 MB.
System memory in use after: 156.1 MB.

Unloading 15 unused Assets to reduce memory usage. Loaded Objects now: 3747.
Total: 3.082100 ms (FindLiveObjects: 0.243800 ms CreateObjectMapping: 0.140600 ms MarkObjects: 2.681200 ms  DeleteObjects: 0.015800 ms)

AssetImportParameters requested are different than current active one (requested -> active):
  custom:framework-win-MediaFoundation: 216162199b28c13a410421893ffa2e32 -> 
  custom:video-decoder-ogg-theora: a1e56fd34408186e4bbccfd4996cb3dc -> 
  custom:container-muxer-webm: aa71ff27fc2769a1b78a27578f13a17b -> 
  custom:container-demuxer-webm: 4f35f7cbe854078d1ac9338744f61a02 -> 
  custom:container-demuxer-ogg: 62fdf1f143b41e24485cea50d1cbac27 -> 
  custom:video-encoder-webm-vp8: eb34c28f22e8b96e1ab97ce403110664 -> 
  custom:video-decoder-webm-vp8: 9c59270c3fd7afecdb556c50c9e8de78 -> 
  custom:audio-decoder-ogg-vorbis: bf7c407c2cedff20999df2af8eb42d56 -> 
  custom:audio-encoder-webm-vorbis: bf7c407c2cedff20999df2af8eb42d56 -> 
========================================================================
Received Import Request.
  Time since last request: 330.722601 seconds.
  path: Assets/Epic Toon FX/Materials/Misc/Bubbles/bubble_half_clear_AB.mat
  artifactKey: Guid(17a51b7e0fd51c541b24cc33e181a0a5) Importer(815301076,1909f56bfc062723c751e8b465ee728b)
Start importing Assets/Epic Toon FX/Materials/Misc/Bubbles/bubble_half_clear_AB.mat using Guid(17a51b7e0fd51c541b24cc33e181a0a5) Importer(815301076,1909f56bfc062723c751e8b465ee728b)  -> (artifact id: '1ec31f123598a4f8c3fc0291ed8e153e') in 0.097570 seconds 
  Import took 0.102328 seconds .

========================================================================
Received Import Request.
  Time since last request: 0.000146 seconds.
  path: Assets/Epic Toon FX/Materials/Misc/Bubbles/bubble_soap_ADD.mat
  artifactKey: Guid(3be8ddfefd82d4c46aacf35c0e709d9d) Importer(815301076,1909f56bfc062723c751e8b465ee728b)
Start importing Assets/Epic Toon FX/Materials/Misc/Bubbles/bubble_soap_ADD.mat using Guid(3be8ddfefd82d4c46aacf35c0e709d9d) Importer(815301076,1909f56bfc062723c751e8b465ee728b)  -> (artifact id: '15b18f6749b286b8d2d6ef4a7710c563') in 0.012247 seconds 
  Import took 0.016443 seconds .

========================================================================
Received Import Request.
  Time since last request: 0.000170 seconds.
  path: Assets/Epic Toon FX/Materials/Misc/Bubbles/bubble_half_thick_ADD.mat
  artifactKey: Guid(3c12fe37da4f4054e98dba91f072b734) Importer(815301076,1909f56bfc062723c751e8b465ee728b)
Start importing Assets/Epic Toon FX/Materials/Misc/Bubbles/bubble_half_thick_ADD.mat using Guid(3c12fe37da4f4054e98dba91f072b734) Importer(815301076,1909f56bfc062723c751e8b465ee728b)  -> (artifact id: '9a237e2cf1e39ba0ea4b7a896eb63b19') in 0.012100 seconds 
  Import took 0.016496 seconds .

========================================================================
Received Import Request.
  Time since last request: 0.000168 seconds.
  path: Assets/Epic Toon FX/Materials/Misc/Bubbles/bubble_round2_ADD.mat
  artifactKey: Guid(daba5687afb2ea24f95d16146dce6cc8) Importer(815301076,1909f56bfc062723c751e8b465ee728b)
Start importing Assets/Epic Toon FX/Materials/Misc/Bubbles/bubble_round2_ADD.mat using Guid(daba5687afb2ea24f95d16146dce6cc8) Importer(815301076,1909f56bfc062723c751e8b465ee728b)  -> (artifact id: '1c974acf570d14f4b238d2a320009718') in 0.012028 seconds 
  Import took 0.028872 seconds .

========================================================================
Received Import Request.
  Time since last request: 0.000156 seconds.
  path: Assets/Epic Toon FX/Materials/Misc/Bubbles/bubble_round3_ADD.mat
  artifactKey: Guid(3d0bdb19affdc5741b6d457ee719ed02) Importer(815301076,1909f56bfc062723c751e8b465ee728b)
Start importing Assets/Epic Toon FX/Materials/Misc/Bubbles/bubble_round3_ADD.mat using Guid(3d0bdb19affdc5741b6d457ee719ed02) Importer(815301076,1909f56bfc062723c751e8b465ee728b)  -> (artifact id: 'f06985132bd8d3a285e1ff0b707e979f') in 0.015418 seconds 
  Import took 0.020140 seconds .

========================================================================
Received Import Request.
  Time since last request: 41.530829 seconds.
  path: Assets/Epic Toon FX/Materials/Misc/Emojis
  artifactKey: Guid(736815ae537c2154ab0b8cb430bfd4bf) Importer(815301076,1909f56bfc062723c751e8b465ee728b)
Start importing Assets/Epic Toon FX/Materials/Misc/Emojis using Guid(736815ae537c2154ab0b8cb430bfd4bf) Importer(815301076,1909f56bfc062723c751e8b465ee728b)  -> (artifact id: 'd471a7631b5b1c42f68a1ee06581cb46') in 0.024699 seconds 
  Import took 0.050035 seconds .

========================================================================
Received Import Request.
  Time since last request: 0.024335 seconds.
  path: Assets/Epic Toon FX/Materials/Misc/Emojis/em_angry.mat
  artifactKey: Guid(9f34070364e48d24297908866dd6762f) Importer(815301076,1909f56bfc062723c751e8b465ee728b)
Start importing Assets/Epic Toon FX/Materials/Misc/Emojis/em_angry.mat using Guid(9f34070364e48d24297908866dd6762f) Importer(815301076,1909f56bfc062723c751e8b465ee728b)  -> (artifact id: '8b235ff222485660054f8737625d3470') in 0.035326 seconds 
  Import took 0.039967 seconds .

========================================================================
Received Import Request.
  Time since last request: 0.000164 seconds.
  path: Assets/Epic Toon FX/Materials/Misc/Emojis/em_scared.mat
  artifactKey: Guid(c1d83b8dc371dd4499a6154576ee08ab) Importer(815301076,1909f56bfc062723c751e8b465ee728b)
Start importing Assets/Epic Toon FX/Materials/Misc/Emojis/em_scared.mat using Guid(c1d83b8dc371dd4499a6154576ee08ab) Importer(815301076,1909f56bfc062723c751e8b465ee728b)  -> (artifact id: '295cd3e4c69b630ce6e054557505ae53') in 0.040537 seconds 
  Import took 0.044933 seconds .

========================================================================
Received Import Request.
  Time since last request: 0.000154 seconds.
  path: Assets/Epic Toon FX/Materials/Misc/Emojis/em_heart.mat
  artifactKey: Guid(c323c469010ce0c41a09102dee553d32) Importer(815301076,1909f56bfc062723c751e8b465ee728b)
Start importing Assets/Epic Toon FX/Materials/Misc/Emojis/em_heart.mat using Guid(c323c469010ce0c41a09102dee553d32) Importer(815301076,1909f56bfc062723c751e8b465ee728b)  -> (artifact id: '318a002c0c9f793c4b33660c4028e817') in 0.044228 seconds 
  Import took 0.060278 seconds .

========================================================================
Received Import Request.
  Time since last request: 0.000174 seconds.
  path: Assets/Epic Toon FX/Materials/Misc/Emojis/em_sick3.mat
  artifactKey: Guid(4c91e7c3c732353409b3110672695b93) Importer(815301076,1909f56bfc062723c751e8b465ee728b)
Start importing Assets/Epic Toon FX/Materials/Misc/Emojis/em_sick3.mat using Guid(4c91e7c3c732353409b3110672695b93) Importer(815301076,1909f56bfc062723c751e8b465ee728b)  -> (artifact id: 'c3dc4364b7e8ccac6900e127e2e1dbdd') in 0.036165 seconds 
  Import took 0.056840 seconds .

========================================================================
Received Import Request.
  Time since last request: 0.000176 seconds.
  path: Assets/Epic Toon FX/Materials/Misc/Emojis/em_crazy.mat
  artifactKey: Guid(a15fcac477901fa47aba5c74acce7124) Importer(815301076,1909f56bfc062723c751e8b465ee728b)
Start importing Assets/Epic Toon FX/Materials/Misc/Emojis/em_crazy.mat using Guid(a15fcac477901fa47aba5c74acce7124) Importer(815301076,1909f56bfc062723c751e8b465ee728b)  -> (artifact id: 'bea02b1b0a20ada3a3120a18fcf4149c') in 0.054483 seconds 
  Import took 0.059018 seconds .

========================================================================
Received Import Request.
  Time since last request: 0.000169 seconds.
  path: Assets/Epic Toon FX/Materials/Misc/Emojis/em_sinister.mat
  artifactKey: Guid(317b91a2732152144b83fba6fe10ebc6) Importer(815301076,1909f56bfc062723c751e8b465ee728b)
Start importing Assets/Epic Toon FX/Materials/Misc/Emojis/em_sinister.mat using Guid(317b91a2732152144b83fba6fe10ebc6) Importer(815301076,1909f56bfc062723c751e8b465ee728b)  -> (artifact id: 'f59691b0bf44bd97a463d95cbd9bc4ff') in 0.047712 seconds 
  Import took 0.052598 seconds .

========================================================================
Received Import Request.
  Time since last request: 0.000197 seconds.
  path: Assets/Epic Toon FX/Materials/Misc/Emojis/em_deadtired.mat
  artifactKey: Guid(06934fdcf7f1edd4aad8c17c1e21867a) Importer(815301076,1909f56bfc062723c751e8b465ee728b)
Start importing Assets/Epic Toon FX/Materials/Misc/Emojis/em_deadtired.mat using Guid(06934fdcf7f1edd4aad8c17c1e21867a) Importer(815301076,1909f56bfc062723c751e8b465ee728b)  -> (artifact id: 'd228259a8fe8ba474cbe2d2276966619') in 0.032979 seconds 
  Import took 0.060983 seconds .

========================================================================
Received Import Request.
  Time since last request: 0.000201 seconds.
  path: Assets/Epic Toon FX/Materials/Misc/Emojis/em_mad.mat
  artifactKey: Guid(729302e7a8b65544ab504d1b86e10185) Importer(815301076,1909f56bfc062723c751e8b465ee728b)
Start importing Assets/Epic Toon FX/Materials/Misc/Emojis/em_mad.mat using Guid(729302e7a8b65544ab504d1b86e10185) Importer(815301076,1909f56bfc062723c751e8b465ee728b)  -> (artifact id: 'fb25b3ff6c999359465d975cf1ea8e12') in 0.039869 seconds 
  Import took 0.044536 seconds .

========================================================================
Received Import Request.
  Time since last request: 0.000152 seconds.
  path: Assets/Epic Toon FX/Materials/Misc/Emojis/em_text_ah_zz.mat
  artifactKey: Guid(a52edde34f852724aafdb3a6f932c220) Importer(815301076,1909f56bfc062723c751e8b465ee728b)
Start importing Assets/Epic Toon FX/Materials/Misc/Emojis/em_text_ah_zz.mat using Guid(a52edde34f852724aafdb3a6f932c220) Importer(815301076,1909f56bfc062723c751e8b465ee728b)  -> (artifact id: '3c45e66aaa53253cfd6faf34578b7d2c') in 0.022099 seconds 
  Import took 0.026527 seconds .

========================================================================
Received Import Request.
  Time since last request: 0.000139 seconds.
  path: Assets/Epic Toon FX/Materials/Misc/Emojis/em_thumbsdown.mat
  artifactKey: Guid(7af21db0aa9c1f845afee3785e827288) Importer(815301076,1909f56bfc062723c751e8b465ee728b)
Start importing Assets/Epic Toon FX/Materials/Misc/Emojis/em_thumbsdown.mat using Guid(7af21db0aa9c1f845afee3785e827288) Importer(815301076,1909f56bfc062723c751e8b465ee728b)  -> (artifact id: '0d02a618eb182d6620873dbd356d8e00') in 0.046316 seconds 
  Import took 0.050770 seconds .

========================================================================
Received Import Request.
  Time since last request: 0.000162 seconds.
  path: Assets/Epic Toon FX/Materials/Misc/Emojis/em_poop.mat
  artifactKey: Guid(e7c9e73060532ea46ae00e3478492deb) Importer(815301076,1909f56bfc062723c751e8b465ee728b)
Start importing Assets/Epic Toon FX/Materials/Misc/Emojis/em_poop.mat using Guid(e7c9e73060532ea46ae00e3478492deb) Importer(815301076,1909f56bfc062723c751e8b465ee728b)  -> (artifact id: '7e704219e0f23b4d08c2717211a2f294') in 0.036888 seconds 
  Import took 0.103807 seconds .

========================================================================
Received Import Request.
  Time since last request: 0.000180 seconds.
  path: Assets/Epic Toon FX/Materials/Misc/Emojis/em_shocked.mat
  artifactKey: Guid(a37b0840d104b684d8ab60b4ecab00c3) Importer(815301076,1909f56bfc062723c751e8b465ee728b)
Start importing Assets/Epic Toon FX/Materials/Misc/Emojis/em_shocked.mat using Guid(a37b0840d104b684d8ab60b4ecab00c3) Importer(815301076,1909f56bfc062723c751e8b465ee728b)  -> (artifact id: '5ddbe950f6fdb36019e946d35e40a2fd') in 0.042180 seconds 
  Import took 0.065869 seconds .

========================================================================
Received Import Request.
  Time since last request: 0.000182 seconds.
  path: Assets/Epic Toon FX/Materials/Misc/Emojis/em_sick.mat
  artifactKey: Guid(27a664effad0d164b9dc3abd1ad1f122) Importer(815301076,1909f56bfc062723c751e8b465ee728b)
Start importing Assets/Epic Toon FX/Materials/Misc/Emojis/em_sick.mat using Guid(27a664effad0d164b9dc3abd1ad1f122) Importer(815301076,1909f56bfc062723c751e8b465ee728b)  -> (artifact id: '8ceacd54bbd431217d977218652fe5ce') in 0.045080 seconds 
  Import took 0.050187 seconds .

========================================================================
Received Import Request.
  Time since last request: 0.000230 seconds.
  path: Assets/Epic Toon FX/Materials/Misc/Emojis/em_sillywink.mat
  artifactKey: Guid(97ec820d0ec9cd84d9d053e351b89c08) Importer(815301076,1909f56bfc062723c751e8b465ee728b)
Start importing Assets/Epic Toon FX/Materials/Misc/Emojis/em_sillywink.mat using Guid(97ec820d0ec9cd84d9d053e351b89c08) Importer(815301076,1909f56bfc062723c751e8b465ee728b)  -> (artifact id: '379cf09e6c5b80c4e934a60aaaa65401') in 0.048069 seconds 
  Import took 0.077481 seconds .

========================================================================
Received Import Request.
  Time since last request: 0.000180 seconds.
  path: Assets/Epic Toon FX/Materials/Misc/Emojis/em_cute.mat
  artifactKey: Guid(e88618311069cbf478df53e497ac1522) Importer(815301076,1909f56bfc062723c751e8b465ee728b)
Start importing Assets/Epic Toon FX/Materials/Misc/Emojis/em_cute.mat using Guid(e88618311069cbf478df53e497ac1522) Importer(815301076,1909f56bfc062723c751e8b465ee728b)  -> (artifact id: '7b4b02f296a74e5490952871fd990226') in 0.031784 seconds 
  Import took 0.036456 seconds .

========================================================================
Received Import Request.
  Time since last request: 0.000164 seconds.
  path: Assets/Epic Toon FX/Materials/Misc/Emojis/em_kiss.mat
  artifactKey: Guid(e54cd343eedf57440bc34a1625a6a552) Importer(815301076,1909f56bfc062723c751e8b465ee728b)
Start importing Assets/Epic Toon FX/Materials/Misc/Emojis/em_kiss.mat using Guid(e54cd343eedf57440bc34a1625a6a552) Importer(815301076,1909f56bfc062723c751e8b465ee728b)  -> (artifact id: '68dfa1f70e734fbf1159ed7608cfa98b') in 0.039309 seconds 
  Import took 0.043556 seconds .

========================================================================
Received Import Request.
  Time since last request: 0.000173 seconds.
  path: Assets/Epic Toon FX/Materials/Misc/Emojis/em_OwOEyebrow.mat
  artifactKey: Guid(0c045d4bde67cfe4cba7327cc0dc762e) Importer(815301076,1909f56bfc062723c751e8b465ee728b)
Start importing Assets/Epic Toon FX/Materials/Misc/Emojis/em_OwOEyebrow.mat using Guid(0c045d4bde67cfe4cba7327cc0dc762e) Importer(815301076,1909f56bfc062723c751e8b465ee728b)  -> (artifact id: 'e413fac4d03fd586409367e17727ce85') in 0.042554 seconds 
  Import took 0.067664 seconds .

========================================================================
Received Import Request.
  Time since last request: 0.000178 seconds.
  path: Assets/Epic Toon FX/Materials/Misc/Emojis/em_nauseous.mat
  artifactKey: Guid(c58d560032040c44cbe9a5a25eac6078) Importer(815301076,1909f56bfc062723c751e8b465ee728b)
Start importing Assets/Epic Toon FX/Materials/Misc/Emojis/em_nauseous.mat using Guid(c58d560032040c44cbe9a5a25eac6078) Importer(815301076,1909f56bfc062723c751e8b465ee728b)  -> (artifact id: '86ade6939813b68bbe91ad3f38537592') in 0.044936 seconds 
  Import took 0.049657 seconds .

========================================================================
Received Import Request.
  Time since last request: 0.000172 seconds.
  path: Assets/Epic Toon FX/Materials/Misc/Emojis/em_bigsmile.mat
  artifactKey: Guid(5691aad654871084bb7f84be6dc98391) Importer(815301076,1909f56bfc062723c751e8b465ee728b)
Start importing Assets/Epic Toon FX/Materials/Misc/Emojis/em_bigsmile.mat using Guid(5691aad654871084bb7f84be6dc98391) Importer(815301076,1909f56bfc062723c751e8b465ee728b)  -> (artifact id: 'c703eff55a39d0ab6ecd0f9424950653') in 0.038572 seconds 
  Import took 0.043744 seconds .

========================================================================
Received Import Request.
  Time since last request: 0.000163 seconds.
  path: Assets/Epic Toon FX/Materials/Misc/Emojis/em_drool.mat
  artifactKey: Guid(d7f8f80b5b5817244a09e7fbf657da56) Importer(815301076,1909f56bfc062723c751e8b465ee728b)
Start importing Assets/Epic Toon FX/Materials/Misc/Emojis/em_drool.mat using Guid(d7f8f80b5b5817244a09e7fbf657da56) Importer(815301076,1909f56bfc062723c751e8b465ee728b)  -> (artifact id: 'bfa9d7237433e14557dd0ed6cf2c601b') in 0.032515 seconds 
  Import took 0.039672 seconds .

========================================================================
Received Import Request.
  Time since last request: 0.000160 seconds.
  path: Assets/Epic Toon FX/Materials/Misc/Emojis/em_angryscream.mat
  artifactKey: Guid(28e09f053abd61846886b1647ea4a547) Importer(815301076,1909f56bfc062723c751e8b465ee728b)
Start importing Assets/Epic Toon FX/Materials/Misc/Emojis/em_angryscream.mat using Guid(28e09f053abd61846886b1647ea4a547) Importer(815301076,1909f56bfc062723c751e8b465ee728b)  -> (artifact id: '5ef58ca68e9cef78a723647cf6def2e8') in 0.031457 seconds 
  Import took 0.035948 seconds .

========================================================================
Received Import Request.
  Time since last request: 0.000166 seconds.
  path: Assets/Epic Toon FX/Materials/Misc/Emojis/em_injured.mat
  artifactKey: Guid(b87b926ca93f56f4c90796e6238f33ae) Importer(815301076,1909f56bfc062723c751e8b465ee728b)
Start importing Assets/Epic Toon FX/Materials/Misc/Emojis/em_injured.mat using Guid(b87b926ca93f56f4c90796e6238f33ae) Importer(815301076,1909f56bfc062723c751e8b465ee728b)  -> (artifact id: '7b5325e13bf29e6413479ddd65d8eda8') in 0.036110 seconds 
  Import took 0.040508 seconds .

========================================================================
Received Import Request.
  Time since last request: 0.000168 seconds.
  path: Assets/Epic Toon FX/Materials/Misc/Emojis/em_sleep.mat
  artifactKey: Guid(cc9cd23f53495e54383b5b6548903373) Importer(815301076,1909f56bfc062723c751e8b465ee728b)
Start importing Assets/Epic Toon FX/Materials/Misc/Emojis/em_sleep.mat using Guid(cc9cd23f53495e54383b5b6548903373) Importer(815301076,1909f56bfc062723c751e8b465ee728b)  -> (artifact id: 'cfd1ede8484e7c970b1ca64ef51eba61') in 0.017806 seconds 
  Import took 0.022370 seconds .

========================================================================
Received Import Request.
  Time since last request: 0.000179 seconds.
  path: Assets/Epic Toon FX/Materials/Misc/Emojis/em_sillyhappy.mat
  artifactKey: Guid(996fb46938069d94eb24f2d08044a4c2) Importer(815301076,1909f56bfc062723c751e8b465ee728b)
Start importing Assets/Epic Toon FX/Materials/Misc/Emojis/em_sillyhappy.mat using Guid(996fb46938069d94eb24f2d08044a4c2) Importer(815301076,1909f56bfc062723c751e8b465ee728b)  -> (artifact id: '746d9b7acbb05fa4b6a8c34ad58910df') in 0.033816 seconds 
  Import took 0.038480 seconds .

========================================================================
Received Import Request.
  Time since last request: 0.000170 seconds.
  path: Assets/Epic Toon FX/Materials/Misc/Emojis/em_clenchteeth.mat
  artifactKey: Guid(4d8841c90e364394aa00e243261e802b) Importer(815301076,1909f56bfc062723c751e8b465ee728b)
Start importing Assets/Epic Toon FX/Materials/Misc/Emojis/em_clenchteeth.mat using Guid(4d8841c90e364394aa00e243261e802b) Importer(815301076,1909f56bfc062723c751e8b465ee728b)  -> (artifact id: 'd210c500aa310120c6cb683c1b2fdf50') in 0.031152 seconds 
  Import took 0.044460 seconds .

========================================================================
Received Import Request.
  Time since last request: 0.000158 seconds.
  path: Assets/Epic Toon FX/Materials/Misc/Emojis/em_silly.mat
  artifactKey: Guid(5e4e3dc9804f1a142b206023fb4e1e07) Importer(815301076,1909f56bfc062723c751e8b465ee728b)
Start importing Assets/Epic Toon FX/Materials/Misc/Emojis/em_silly.mat using Guid(5e4e3dc9804f1a142b206023fb4e1e07) Importer(815301076,1909f56bfc062723c751e8b465ee728b)  -> (artifact id: 'd5e39013f6073fd914c920e05229402b') in 0.039864 seconds 
  Import took 0.050696 seconds .

========================================================================
Received Import Request.
  Time since last request: 0.000260 seconds.
  path: Assets/Epic Toon FX/Materials/Misc/Emojis/em_evil.mat
  artifactKey: Guid(152763eb1907b174c8269f2f3051011a) Importer(815301076,1909f56bfc062723c751e8b465ee728b)
Start importing Assets/Epic Toon FX/Materials/Misc/Emojis/em_evil.mat using Guid(152763eb1907b174c8269f2f3051011a) Importer(815301076,1909f56bfc062723c751e8b465ee728b)  -> (artifact id: 'c5276e7e2874fb72a2bfb28e8476998d') in 0.036173 seconds 
  Import took 0.082497 seconds .

========================================================================
Received Import Request.
  Time since last request: 0.000174 seconds.
  path: Assets/Epic Toon FX/Materials/Misc/Emojis/em_sadcry.mat
  artifactKey: Guid(dcaa48cec6ed2364e87292a016457fd1) Importer(815301076,1909f56bfc062723c751e8b465ee728b)
Start importing Assets/Epic Toon FX/Materials/Misc/Emojis/em_sadcry.mat using Guid(dcaa48cec6ed2364e87292a016457fd1) Importer(815301076,1909f56bfc062723c751e8b465ee728b)  -> (artifact id: 'c24cb8fcdd3b0de09393e0b5327b39e1') in 0.031483 seconds 
  Import took 0.036118 seconds .

========================================================================
Received Import Request.
  Time since last request: 0.000157 seconds.
  path: Assets/Epic Toon FX/Materials/Misc/Emojis/em_dead.mat
  artifactKey: Guid(496ce5ac0efae444f9762240f6993c5c) Importer(815301076,1909f56bfc062723c751e8b465ee728b)
Start importing Assets/Epic Toon FX/Materials/Misc/Emojis/em_dead.mat using Guid(496ce5ac0efae444f9762240f6993c5c) Importer(815301076,1909f56bfc062723c751e8b465ee728b)  -> (artifact id: 'b326849754a08c92b3ba40dc51b59faa') in 0.029403 seconds 
  Import took 0.033759 seconds .

========================================================================
Received Import Request.
  Time since last request: 0.000183 seconds.
  path: Assets/Epic Toon FX/Materials/Misc/Emojis/em_sick2.mat
  artifactKey: Guid(c3852ab5b2fac3745a6d45d2267acddf) Importer(815301076,1909f56bfc062723c751e8b465ee728b)
Start importing Assets/Epic Toon FX/Materials/Misc/Emojis/em_sick2.mat using Guid(c3852ab5b2fac3745a6d45d2267acddf) Importer(815301076,1909f56bfc062723c751e8b465ee728b)  -> (artifact id: '28b528d2d832a7e8fd874ad2ab83f477') in 0.017667 seconds 
  Import took 0.022401 seconds .

========================================================================
Received Import Request.
  Time since last request: 0.000160 seconds.
  path: Assets/Epic Toon FX/Materials/Misc/Emojis/em_happy.mat
  artifactKey: Guid(d12b019f745e4c749b58d4ece3615fae) Importer(815301076,1909f56bfc062723c751e8b465ee728b)
Start importing Assets/Epic Toon FX/Materials/Misc/Emojis/em_happy.mat using Guid(d12b019f745e4c749b58d4ece3615fae) Importer(815301076,1909f56bfc062723c751e8b465ee728b)  -> (artifact id: 'ca21a2d65e490079a1a5255506816d06') in 0.026431 seconds 
  Import took 0.037809 seconds .

========================================================================
Received Import Request.
  Time since last request: 0.000169 seconds.
  path: Assets/Epic Toon FX/Materials/Misc/Emojis/em_sad.mat
  artifactKey: Guid(c24fc9188f935a44ea02bbcc2c0e8cd9) Importer(815301076,1909f56bfc062723c751e8b465ee728b)
Start importing Assets/Epic Toon FX/Materials/Misc/Emojis/em_sad.mat using Guid(c24fc9188f935a44ea02bbcc2c0e8cd9) Importer(815301076,1909f56bfc062723c751e8b465ee728b)  -> (artifact id: 'b2ebd56e492483e27743916033153a85') in 0.051234 seconds 
  Import took 0.055829 seconds .

========================================================================
Received Import Request.
  Time since last request: 0.000170 seconds.
  path: Assets/Epic Toon FX/Materials/Misc/Emojis/em_kissyface.mat
  artifactKey: Guid(a3fc86cbfbd51e2428cb0d2db2cea325) Importer(815301076,1909f56bfc062723c751e8b465ee728b)
Start importing Assets/Epic Toon FX/Materials/Misc/Emojis/em_kissyface.mat using Guid(a3fc86cbfbd51e2428cb0d2db2cea325) Importer(815301076,1909f56bfc062723c751e8b465ee728b)  -> (artifact id: 'a8914ed635fa0d8da4d21f6a518e4cbd') in 0.039392 seconds 
  Import took 0.044191 seconds .

========================================================================
Received Import Request.
  Time since last request: 0.000143 seconds.
  path: Assets/Epic Toon FX/Materials/Misc/Emojis/em_laughsweatdrop.mat
  artifactKey: Guid(5a1f696c767421147bad0bc8af0b60e6) Importer(815301076,1909f56bfc062723c751e8b465ee728b)
Start importing Assets/Epic Toon FX/Materials/Misc/Emojis/em_laughsweatdrop.mat using Guid(5a1f696c767421147bad0bc8af0b60e6) Importer(815301076,1909f56bfc062723c751e8b465ee728b)  -> (artifact id: '56f74b183c92607ce6c5822471eeea38') in 0.028708 seconds 
  Import took 0.033158 seconds .

========================================================================
Received Import Request.
  Time since last request: 0.000178 seconds.
  path: Assets/Epic Toon FX/Materials/Misc/Emojis/em_starstruck.mat
  artifactKey: Guid(2c5a5477c0843cc4688749001bbfbb22) Importer(815301076,1909f56bfc062723c751e8b465ee728b)
Start importing Assets/Epic Toon FX/Materials/Misc/Emojis/em_starstruck.mat using Guid(2c5a5477c0843cc4688749001bbfbb22) Importer(815301076,1909f56bfc062723c751e8b465ee728b)  -> (artifact id: '9faa5c44519b6a73dfcea8795236363c') in 0.026591 seconds 
  Import took 0.035313 seconds .

========================================================================
Received Import Request.
  Time since last request: 0.000169 seconds.
  path: Assets/Epic Toon FX/Materials/Misc/Emojis/em_clenchteeth2.mat
  artifactKey: Guid(7fa9df2d7badf0e47ba6805d48feaa73) Importer(815301076,1909f56bfc062723c751e8b465ee728b)
Start importing Assets/Epic Toon FX/Materials/Misc/Emojis/em_clenchteeth2.mat using Guid(7fa9df2d7badf0e47ba6805d48feaa73) Importer(815301076,1909f56bfc062723c751e8b465ee728b)  -> (artifact id: '35042c5761c339d552d3ca1076f90995') in 0.035970 seconds 
  Import took 0.060221 seconds .

========================================================================
Received Import Request.
  Time since last request: 0.000175 seconds.
  path: Assets/Epic Toon FX/Materials/Misc/Emojis/em_pleading.mat
  artifactKey: Guid(7d5e9b41723c5b54c8e89b93ae5942f8) Importer(815301076,1909f56bfc062723c751e8b465ee728b)
Start importing Assets/Epic Toon FX/Materials/Misc/Emojis/em_pleading.mat using Guid(7d5e9b41723c5b54c8e89b93ae5942f8) Importer(815301076,1909f56bfc062723c751e8b465ee728b)  -> (artifact id: 'cd989442e25ffe6bcaa57330285c9197') in 0.046554 seconds 
  Import took 0.055158 seconds .

========================================================================
Received Import Request.
  Time since last request: 0.000172 seconds.
  path: Assets/Epic Toon FX/Materials/Misc/Emojis/em_derp.mat
  artifactKey: Guid(0fea7a5553d00b945b113c03442ad011) Importer(815301076,1909f56bfc062723c751e8b465ee728b)
Start importing Assets/Epic Toon FX/Materials/Misc/Emojis/em_derp.mat using Guid(0fea7a5553d00b945b113c03442ad011) Importer(815301076,1909f56bfc062723c751e8b465ee728b)  -> (artifact id: 'b3cd3d59afc08074a87204c386cde0de') in 0.039386 seconds 
  Import took 0.062836 seconds .

========================================================================
Received Import Request.
  Time since last request: 0.000176 seconds.
  path: Assets/Epic Toon FX/Materials/Misc/Emojis/em_tearyeyes.mat
  artifactKey: Guid(c4b2bd082cc1d0645b133fdc761eab11) Importer(815301076,1909f56bfc062723c751e8b465ee728b)
Start importing Assets/Epic Toon FX/Materials/Misc/Emojis/em_tearyeyes.mat using Guid(c4b2bd082cc1d0645b133fdc761eab11) Importer(815301076,1909f56bfc062723c751e8b465ee728b)  -> (artifact id: '1e284ce04a54c794366f86e4c277e6be') in 0.034375 seconds 
  Import took 0.038733 seconds .

========================================================================
Received Import Request.
  Time since last request: 0.000158 seconds.
  path: Assets/Epic Toon FX/Materials/Misc/Emojis/em_text_haha.mat
  artifactKey: Guid(066419e36234a874c8f55d2f3fa377fb) Importer(815301076,1909f56bfc062723c751e8b465ee728b)
Start importing Assets/Epic Toon FX/Materials/Misc/Emojis/em_text_haha.mat using Guid(066419e36234a874c8f55d2f3fa377fb) Importer(815301076,1909f56bfc062723c751e8b465ee728b)  -> (artifact id: 'c9588772e268fb2068691108f113d4c1') in 0.044563 seconds 
  Import took 0.048843 seconds .

========================================================================
Received Import Request.
  Time since last request: 0.000179 seconds.
  path: Assets/Epic Toon FX/Materials/Misc/Emojis/em_derpgasp.mat
  artifactKey: Guid(d3886c7ed9f641a44b5687e3965c2450) Importer(815301076,1909f56bfc062723c751e8b465ee728b)
Start importing Assets/Epic Toon FX/Materials/Misc/Emojis/em_derpgasp.mat using Guid(d3886c7ed9f641a44b5687e3965c2450) Importer(815301076,1909f56bfc062723c751e8b465ee728b)  -> (artifact id: '4f48098f8c8c79c434a927aae932ab42') in 0.055689 seconds 
  Import took 0.060509 seconds .

========================================================================
Received Import Request.
  Time since last request: 0.000165 seconds.
  path: Assets/Epic Toon FX/Materials/Misc/Emojis/em_OwO.mat
  artifactKey: Guid(fec69240d3b644d4f96065864122195b) Importer(815301076,1909f56bfc062723c751e8b465ee728b)
Start importing Assets/Epic Toon FX/Materials/Misc/Emojis/em_OwO.mat using Guid(fec69240d3b644d4f96065864122195b) Importer(815301076,1909f56bfc062723c751e8b465ee728b)  -> (artifact id: '6bc355ad4d7c44b6dc5cd598d16fca8e') in 0.071260 seconds 
  Import took 0.094661 seconds .

========================================================================
Received Import Request.
  Time since last request: 0.000181 seconds.
  path: Assets/Epic Toon FX/Materials/Misc/Emojis/em_sillysmile.mat
  artifactKey: Guid(26318b487133a7b4ca549dc011bead2b) Importer(815301076,1909f56bfc062723c751e8b465ee728b)
Start importing Assets/Epic Toon FX/Materials/Misc/Emojis/em_sillysmile.mat using Guid(26318b487133a7b4ca549dc011bead2b) Importer(815301076,1909f56bfc062723c751e8b465ee728b)  -> (artifact id: '017e38a0ad9c015e96f1310686c81859') in 0.017674 seconds 
  Import took 0.022532 seconds .

========================================================================
Received Import Request.
  Time since last request: 0.000171 seconds.
  path: Assets/Epic Toon FX/Materials/Misc/Emojis/em_cry.mat
  artifactKey: Guid(c98e44ac41ae3d541863cc2a3dc1596b) Importer(815301076,1909f56bfc062723c751e8b465ee728b)
Start importing Assets/Epic Toon FX/Materials/Misc/Emojis/em_cry.mat using Guid(c98e44ac41ae3d541863cc2a3dc1596b) Importer(815301076,1909f56bfc062723c751e8b465ee728b)  -> (artifact id: '6500c7012d4507a3a1fb9bd43645d2db') in 0.029902 seconds 
  Import took 0.034730 seconds .

========================================================================
Received Import Request.
  Time since last request: 0.000179 seconds.
  path: Assets/Epic Toon FX/Materials/Misc/Emojis/em_disappoint.mat
  artifactKey: Guid(b0345d6b496b88744a4fe169db3b58c0) Importer(815301076,1909f56bfc062723c751e8b465ee728b)
Start importing Assets/Epic Toon FX/Materials/Misc/Emojis/em_disappoint.mat using Guid(b0345d6b496b88744a4fe169db3b58c0) Importer(815301076,1909f56bfc062723c751e8b465ee728b)  -> (artifact id: 'bea87a3e4e3c151629de77ebe7919ab0') in 0.040898 seconds 
  Import took 0.045556 seconds .

========================================================================
Received Import Request.
  Time since last request: 0.000144 seconds.
  path: Assets/Epic Toon FX/Materials/Misc/Emojis/em_blush.mat
  artifactKey: Guid(276e441aeac0a1d42887c329c488d906) Importer(815301076,1909f56bfc062723c751e8b465ee728b)
Start importing Assets/Epic Toon FX/Materials/Misc/Emojis/em_blush.mat using Guid(276e441aeac0a1d42887c329c488d906) Importer(815301076,1909f56bfc062723c751e8b465ee728b)  -> (artifact id: '2ec66c0f37450836009361fc25374253') in 0.014543 seconds 
  Import took 0.031171 seconds .

========================================================================
Received Import Request.
  Time since last request: 0.000171 seconds.
  path: Assets/Epic Toon FX/Materials/Misc/Emojis/em_cool.mat
  artifactKey: Guid(b4f1adaa536553c48b2f5173e9537d38) Importer(815301076,1909f56bfc062723c751e8b465ee728b)
Start importing Assets/Epic Toon FX/Materials/Misc/Emojis/em_cool.mat using Guid(b4f1adaa536553c48b2f5173e9537d38) Importer(815301076,1909f56bfc062723c751e8b465ee728b)  -> (artifact id: 'aae1c71f05adb25651491d102c82e44e') in 0.038699 seconds 
  Import took 0.050112 seconds .

========================================================================
Received Import Request.
  Time since last request: 0.000174 seconds.
  path: Assets/Epic Toon FX/Materials/Misc/Emojis/em_laughcry.mat
  artifactKey: Guid(3ea8b0958f06f774e910686b5086845f) Importer(815301076,1909f56bfc062723c751e8b465ee728b)
Start importing Assets/Epic Toon FX/Materials/Misc/Emojis/em_laughcry.mat using Guid(3ea8b0958f06f774e910686b5086845f) Importer(815301076,1909f56bfc062723c751e8b465ee728b)  -> (artifact id: 'a9ff102f4a3510713a26e6d84a195830') in 0.050277 seconds 
  Import took 0.123562 seconds .

========================================================================
Received Import Request.
  Time since last request: 0.000144 seconds.
  path: Assets/Epic Toon FX/Materials/Misc/Emojis/em_expressionless.mat
  artifactKey: Guid(811d7a93d66d95847a73a7ec030e2d0b) Importer(815301076,1909f56bfc062723c751e8b465ee728b)
Start importing Assets/Epic Toon FX/Materials/Misc/Emojis/em_expressionless.mat using Guid(811d7a93d66d95847a73a7ec030e2d0b) Importer(815301076,1909f56bfc062723c751e8b465ee728b)  -> (artifact id: 'e2a0214bd02bb1950b4ee78a267c573d') in 0.037220 seconds 
  Import took 0.041642 seconds .

========================================================================
Received Import Request.
  Time since last request: 54.883931 seconds.
  path: Assets/Epic Toon FX/Materials/Misc/Lightning/lightning1_ADD.mat
  artifactKey: Guid(d2485172a88e2bc4b87dae8b6b1a8dfc) Importer(815301076,1909f56bfc062723c751e8b465ee728b)
Start importing Assets/Epic Toon FX/Materials/Misc/Lightning/lightning1_ADD.mat using Guid(d2485172a88e2bc4b87dae8b6b1a8dfc) Importer(815301076,1909f56bfc062723c751e8b465ee728b)  -> (artifact id: '51f8096e915e220a66047963d54ca139') in 0.014395 seconds 
  Import took 0.259874 seconds .

========================================================================
Received Import Request.
  Time since last request: 0.000160 seconds.
  path: Assets/Epic Toon FX/Materials/Misc/Lightning/lightning2_ADD.mat
  artifactKey: Guid(14be5e3a1d16be14281688ea50c69c07) Importer(815301076,1909f56bfc062723c751e8b465ee728b)
Start importing Assets/Epic Toon FX/Materials/Misc/Lightning/lightning2_ADD.mat using Guid(14be5e3a1d16be14281688ea50c69c07) Importer(815301076,1909f56bfc062723c751e8b465ee728b)  -> (artifact id: '7235b4e141eb7038f15a563a90ac345a') in 0.013593 seconds 
  Import took 0.018728 seconds .

========================================================================
Received Import Request.
  Time since last request: 0.000170 seconds.
  path: Assets/Epic Toon FX/Materials/Misc/Lightning/lightning_v2_3x3_ADD.mat
  artifactKey: Guid(4bea7e959d92f724a9fe86e13de4ed80) Importer(815301076,1909f56bfc062723c751e8b465ee728b)
Start importing Assets/Epic Toon FX/Materials/Misc/Lightning/lightning_v2_3x3_ADD.mat using Guid(4bea7e959d92f724a9fe86e13de4ed80) Importer(815301076,1909f56bfc062723c751e8b465ee728b)  -> (artifact id: 'a15b950d9a6b8462d7ad83a8cb53b7ee') in 0.086880 seconds 
  Import took 0.225668 seconds .

========================================================================
Received Import Request.
  Time since last request: 0.000240 seconds.
  path: Assets/Epic Toon FX/Materials/Misc/Lightning/lightning_3x1_ADD.mat
  artifactKey: Guid(b5bf732cdb28c8f4d8ba6469e57e2b85) Importer(815301076,1909f56bfc062723c751e8b465ee728b)
Start importing Assets/Epic Toon FX/Materials/Misc/Lightning/lightning_3x1_ADD.mat using Guid(b5bf732cdb28c8f4d8ba6469e57e2b85) Importer(815301076,1909f56bfc062723c751e8b465ee728b)  -> (artifact id: '330355eefb5275873f81f4ba31d5bbc1') in 0.099840 seconds 
  Import took 0.105251 seconds .

========================================================================
Received Import Request.
  Time since last request: 0.000175 seconds.
  path: Assets/Epic Toon FX/Materials/Misc/Lightning/lightning_3x3_ADD.mat
  artifactKey: Guid(12b56d0b81e80e748b8129a9c1a582d9) Importer(815301076,1909f56bfc062723c751e8b465ee728b)
Start importing Assets/Epic Toon FX/Materials/Misc/Lightning/lightning_3x3_ADD.mat using Guid(12b56d0b81e80e748b8129a9c1a582d9) Importer(815301076,1909f56bfc062723c751e8b465ee728b)  -> (artifact id: 'e26275536dbc479c900a4106d833c623') in 0.015033 seconds 
  Import took 0.020965 seconds .

========================================================================
Received Import Request.
  Time since last request: 9.376946 seconds.
  path: Assets/Epic Toon FX/Prefabs/Combat/Explosions (Misc)/TargetHitExplosion.prefab
  artifactKey: Guid(cc0bdc9defd87ef4fba2c3954f1bb0d1) Importer(815301076,1909f56bfc062723c751e8b465ee728b)
Start importing Assets/Epic Toon FX/Prefabs/Combat/Explosions (Misc)/TargetHitExplosion.prefab using Guid(cc0bdc9defd87ef4fba2c3954f1bb0d1) Importer(815301076,1909f56bfc062723c751e8b465ee728b)  -> (artifact id: '3089c98a2bff0ffe38b9a79e10b6ad11') in 0.028853 seconds 
  Import took 0.033926 seconds .

========================================================================
Received Import Request.
  Time since last request: 1.115182 seconds.
  path: Assets/Epic Toon FX/Materials/Basics/ring_ADD.mat
  artifactKey: Guid(35b072e7a7dfe0f429bf5123cfc9a433) Importer(815301076,1909f56bfc062723c751e8b465ee728b)
Start importing Assets/Epic Toon FX/Materials/Basics/ring_ADD.mat using Guid(35b072e7a7dfe0f429bf5123cfc9a433) Importer(815301076,1909f56bfc062723c751e8b465ee728b)  -> (artifact id: '91c02f39f2d17303f7e5d7d7f7e54355') in 0.012163 seconds 
  Import took 0.062147 seconds .

========================================================================
Received Prepare
Registering precompiled user dll's ...
Registered in 0.003746 seconds.
Begin MonoManager ReloadAssembly
Native extension for LinuxStandalone target not found
Native extension for WindowsStandalone target not found
Refreshing native plugins compatible for Editor in 0.86 ms, found 2 plugins.
Preloading 0 native plugins for Editor in 0.00 ms.
Mono: successfully reloaded assembly
- Completed reload, in  0.852 seconds
Domain Reload Profiling:
	ReloadAssembly (853ms)
		BeginReloadAssembly (100ms)
			ExecutionOrderSort (0ms)
			DisableScriptedObjects (3ms)
			BackupInstance (0ms)
			ReleaseScriptingObjects (0ms)
			CreateAndSetChildDomain (32ms)
		EndReloadAssembly (709ms)
			LoadAssemblies (85ms)
			RebuildTransferFunctionScriptingTraits (0ms)
			SetupTypeCache (287ms)
			ReleaseScriptCaches (1ms)
			RebuildScriptCaches (29ms)
			SetupLoadedEditorAssemblies (245ms)
				LogAssemblyErrors (0ms)
				InitializePlatformSupportModulesInManaged (4ms)
				SetLoadedEditorAssemblies (0ms)
				RefreshPlugins (1ms)
				BeforeProcessingInitializeOnLoad (72ms)
				ProcessInitializeOnLoadAttributes (159ms)
				ProcessInitializeOnLoadMethodAttributes (6ms)
				AfterProcessingInitializeOnLoad (2ms)
				EditorAssembliesLoaded (0ms)
			ExecutionOrderSort2 (0ms)
			AwakeInstancesAfterBackupRestoration (5ms)
Platform modules already initialized, skipping
Refreshing native plugins compatible for Editor in 0.88 ms, found 2 plugins.
Preloading 0 native plugins for Editor in 0.00 ms.
Unloading 2830 Unused Serialized files (Serialized files now loaded: 0)
System memory in use before: 153.1 MB.
System memory in use after: 153.3 MB.

Unloading 15 unused Assets to reduce memory usage. Loaded Objects now: 3751.
Total: 3.317200 ms (FindLiveObjects: 0.270400 ms CreateObjectMapping: 0.148000 ms MarkObjects: 2.879800 ms  DeleteObjects: 0.017700 ms)

AssetImportParameters requested are different than current active one (requested -> active):
  custom:framework-win-MediaFoundation: 216162199b28c13a410421893ffa2e32 -> 
  custom:video-decoder-ogg-theora: a1e56fd34408186e4bbccfd4996cb3dc -> 
  custom:container-muxer-webm: aa71ff27fc2769a1b78a27578f13a17b -> 
  custom:container-demuxer-webm: 4f35f7cbe854078d1ac9338744f61a02 -> 
  custom:container-demuxer-ogg: 62fdf1f143b41e24485cea50d1cbac27 -> 
  custom:video-encoder-webm-vp8: eb34c28f22e8b96e1ab97ce403110664 -> 
  custom:video-decoder-webm-vp8: 9c59270c3fd7afecdb556c50c9e8de78 -> 
  custom:audio-decoder-ogg-vorbis: bf7c407c2cedff20999df2af8eb42d56 -> 
  custom:audio-encoder-webm-vorbis: bf7c407c2cedff20999df2af8eb42d56 -> 
========================================================================
Received Import Request.
  Time since last request: 6.622821 seconds.
  path: Assets/Epic Toon FX/Prefabs/Combat/Explosions (Misc)/TargetHitExplosion.prefab
  artifactKey: Guid(cc0bdc9defd87ef4fba2c3954f1bb0d1) Importer(815301076,1909f56bfc062723c751e8b465ee728b)
Start importing Assets/Epic Toon FX/Prefabs/Combat/Explosions (Misc)/TargetHitExplosion.prefab using Guid(cc0bdc9defd87ef4fba2c3954f1bb0d1) Importer(815301076,1909f56bfc062723c751e8b465ee728b)  -> (artifact id: '8456e90703281b9c71b2b3bfb2818873') in 0.069534 seconds 
  Import took 0.074968 seconds .

========================================================================
Received Import Request.
  Time since last request: 1.141067 seconds.
  path: Assets/Epic Toon FX/Prefabs/Combat/Explosions (Misc)/TargetHitExplosion.prefab
  artifactKey: Guid(cc0bdc9defd87ef4fba2c3954f1bb0d1) Importer(815301076,1909f56bfc062723c751e8b465ee728b)
Start importing Assets/Epic Toon FX/Prefabs/Combat/Explosions (Misc)/TargetHitExplosion.prefab using Guid(cc0bdc9defd87ef4fba2c3954f1bb0d1) Importer(815301076,1909f56bfc062723c751e8b465ee728b)  -> (artifact id: 'bdfd4e3c1f2b79f6b6dab0f5bffc3e4a') in 0.018002 seconds 
  Import took 0.036513 seconds .

========================================================================
Received Prepare
Registering precompiled user dll's ...
Registered in 0.003808 seconds.
Begin MonoManager ReloadAssembly
Native extension for LinuxStandalone target not found
Native extension for WindowsStandalone target not found
Refreshing native plugins compatible for Editor in 0.91 ms, found 2 plugins.
Preloading 0 native plugins for Editor in 0.00 ms.
Mono: successfully reloaded assembly
- Completed reload, in  0.895 seconds
Domain Reload Profiling:
	ReloadAssembly (896ms)
		BeginReloadAssembly (104ms)
			ExecutionOrderSort (0ms)
			DisableScriptedObjects (3ms)
			BackupInstance (0ms)
			ReleaseScriptingObjects (0ms)
			CreateAndSetChildDomain (37ms)
		EndReloadAssembly (741ms)
			LoadAssemblies (83ms)
			RebuildTransferFunctionScriptingTraits (0ms)
			SetupTypeCache (268ms)
			ReleaseScriptCaches (1ms)
			RebuildScriptCaches (35ms)
			SetupLoadedEditorAssemblies (283ms)
				LogAssemblyErrors (0ms)
				InitializePlatformSupportModulesInManaged (5ms)
				SetLoadedEditorAssemblies (0ms)
				RefreshPlugins (1ms)
				BeforeProcessingInitializeOnLoad (78ms)
				ProcessInitializeOnLoadAttributes (187ms)
				ProcessInitializeOnLoadMethodAttributes (9ms)
				AfterProcessingInitializeOnLoad (2ms)
				EditorAssembliesLoaded (0ms)
			ExecutionOrderSort2 (0ms)
			AwakeInstancesAfterBackupRestoration (6ms)
Platform modules already initialized, skipping
Refreshing native plugins compatible for Editor in 0.97 ms, found 2 plugins.
Preloading 0 native plugins for Editor in 0.00 ms.
Unloading 2830 Unused Serialized files (Serialized files now loaded: 0)
System memory in use before: 153.2 MB.
System memory in use after: 153.4 MB.

Unloading 15 unused Assets to reduce memory usage. Loaded Objects now: 3754.
Total: 3.890000 ms (FindLiveObjects: 0.336800 ms CreateObjectMapping: 0.194900 ms MarkObjects: 3.339000 ms  DeleteObjects: 0.017400 ms)

AssetImportParameters requested are different than current active one (requested -> active):
  custom:framework-win-MediaFoundation: 216162199b28c13a410421893ffa2e32 -> 
  custom:video-decoder-ogg-theora: a1e56fd34408186e4bbccfd4996cb3dc -> 
  custom:container-muxer-webm: aa71ff27fc2769a1b78a27578f13a17b -> 
  custom:container-demuxer-webm: 4f35f7cbe854078d1ac9338744f61a02 -> 
  custom:container-demuxer-ogg: 62fdf1f143b41e24485cea50d1cbac27 -> 
  custom:video-encoder-webm-vp8: eb34c28f22e8b96e1ab97ce403110664 -> 
  custom:video-decoder-webm-vp8: 9c59270c3fd7afecdb556c50c9e8de78 -> 
  custom:audio-decoder-ogg-vorbis: bf7c407c2cedff20999df2af8eb42d56 -> 
  custom:audio-encoder-webm-vorbis: bf7c407c2cedff20999df2af8eb42d56 -> 
AssetImportWorkerClient::OnTransportError - code=2 error=End of file
